<?xml version="1.0" encoding="UTF-8"?>
<testsuite xmlns:xsi="http://www.w3.org/2001/XMLSchema-instance" xsi:noNamespaceSchemaLocation="https://maven.apache.org/surefire/maven-surefire-plugin/xsd/surefire-test-report-3.0.xsd" version="3.0" name="TestSuite" time="114.402" tests="1" errors="0" skipped="0" failures="1">
  <properties>
    <property name="sun.desktop" value="windows"/>
    <property name="awt.toolkit" value="sun.awt.windows.WToolkit"/>
    <property name="environment.users" value="admin/Shadab@123"/>
    <property name="java.specification.version" value="1.8"/>
    <property name="file.encoding.pkg" value="sun.io"/>
    <property name="webdriver.chrome.driver" value="C:\Users\Admin\.cache\selenium\chromedriver\win64\120.0.6099.109\chromedriver.exe"/>
    <property name="sun.cpu.isalist" value="amd64"/>
    <property name="sun.jnu.encoding" value="Cp1252"/>
    <property name="java.class.path" value="C:\Users\Admin\Downloads\demo-automation\ui_AutomationBlack\target\test-classes;C:\Users\Admin\Downloads\demo-automation\ui_AutomationBlack\target\classes;C:\Users\Admin\.m2\repository\io\cucumber\cucumber-java\6.8.0\cucumber-java-6.8.0.jar;C:\Users\Admin\.m2\repository\io\cucumber\cucumber-core\6.8.0\cucumber-core-6.8.0.jar;C:\Users\Admin\.m2\repository\io\cucumber\cucumber-gherkin\6.8.0\cucumber-gherkin-6.8.0.jar;C:\Users\Admin\.m2\repository\io\cucumber\cucumber-gherkin-messages\6.8.0\cucumber-gherkin-messages-6.8.0.jar;C:\Users\Admin\.m2\repository\io\cucumber\messages\13.1.0\messages-13.1.0.jar;C:\Users\Admin\.m2\repository\io\cucumber\tag-expressions\3.0.0\tag-expressions-3.0.0.jar;C:\Users\Admin\.m2\repository\io\cucumber\cucumber-expressions\10.3.0\cucumber-expressions-10.3.0.jar;C:\Users\Admin\.m2\repository\io\cucumber\datatable\3.5.0\datatable-3.5.0.jar;C:\Users\Admin\.m2\repository\io\cucumber\cucumber-plugin\6.8.0\cucumber-plugin-6.8.0.jar;C:\Users\Admin\.m2\repository\io\cucumber\docstring\6.8.0\docstring-6.8.0.jar;C:\Users\Admin\.m2\repository\io\cucumber\html-formatter\9.0.0\html-formatter-9.0.0.jar;C:\Users\Admin\.m2\repository\io\cucumber\create-meta\2.0.2\create-meta-2.0.2.jar;C:\Users\Admin\.m2\repository\org\apiguardian\apiguardian-api\1.1.0\apiguardian-api-1.1.0.jar;C:\Users\Admin\.m2\repository\io\cucumber\cucumber-java8\6.8.0\cucumber-java8-6.8.0.jar;C:\Users\Admin\.m2\repository\net\jodah\typetools\0.6.2\typetools-0.6.2.jar;C:\Users\Admin\.m2\repository\io\cucumber\cucumber-testng\6.8.0\cucumber-testng-6.8.0.jar;C:\Users\Admin\.m2\repository\io\cucumber\cucumber-spring\6.8.0\cucumber-spring-6.8.0.jar;C:\Users\Admin\.m2\repository\org\springframework\boot\spring-boot-starter-test\2.3.4.RELEASE\spring-boot-starter-test-2.3.4.RELEASE.jar;C:\Users\Admin\.m2\repository\org\springframework\boot\spring-boot-test\2.3.4.RELEASE\spring-boot-test-2.3.4.RELEASE.jar;C:\Users\Admin\.m2\repository\org\springframework\boot\spring-boot-test-autoconfigure\2.3.4.RELEASE\spring-boot-test-autoconfigure-2.3.4.RELEASE.jar;C:\Users\Admin\.m2\repository\com\jayway\jsonpath\json-path\2.4.0\json-path-2.4.0.jar;C:\Users\Admin\.m2\repository\net\minidev\json-smart\2.3\json-smart-2.3.jar;C:\Users\Admin\.m2\repository\net\minidev\accessors-smart\1.2\accessors-smart-1.2.jar;C:\Users\Admin\.m2\repository\jakarta\xml\bind\jakarta.xml.bind-api\2.3.3\jakarta.xml.bind-api-2.3.3.jar;C:\Users\Admin\.m2\repository\jakarta\activation\jakarta.activation-api\1.2.2\jakarta.activation-api-1.2.2.jar;C:\Users\Admin\.m2\repository\org\hamcrest\hamcrest\2.2\hamcrest-2.2.jar;C:\Users\Admin\.m2\repository\org\junit\jupiter\junit-jupiter\5.6.2\junit-jupiter-5.6.2.jar;C:\Users\Admin\.m2\repository\org\junit\jupiter\junit-jupiter-params\5.6.2\junit-jupiter-params-5.6.2.jar;C:\Users\Admin\.m2\repository\org\mockito\mockito-core\3.3.3\mockito-core-3.3.3.jar;C:\Users\Admin\.m2\repository\net\bytebuddy\byte-buddy-agent\1.10.5\byte-buddy-agent-1.10.5.jar;C:\Users\Admin\.m2\repository\org\objenesis\objenesis\2.6\objenesis-2.6.jar;C:\Users\Admin\.m2\repository\org\mockito\mockito-junit-jupiter\3.3.3\mockito-junit-jupiter-3.3.3.jar;C:\Users\Admin\.m2\repository\org\skyscreamer\jsonassert\1.5.0\jsonassert-1.5.0.jar;C:\Users\Admin\.m2\repository\com\vaadin\external\google\android-json\0.0.20131108.vaadin1\android-json-0.0.20131108.vaadin1.jar;C:\Users\Admin\.m2\repository\org\springframework\spring-core\5.2.9.RELEASE\spring-core-5.2.9.RELEASE.jar;C:\Users\Admin\.m2\repository\org\springframework\spring-jcl\5.2.9.RELEASE\spring-jcl-5.2.9.RELEASE.jar;C:\Users\Admin\.m2\repository\org\springframework\spring-test\5.2.9.RELEASE\spring-test-5.2.9.RELEASE.jar;C:\Users\Admin\.m2\repository\org\xmlunit\xmlunit-core\2.7.0\xmlunit-core-2.7.0.jar;C:\Users\Admin\.m2\repository\org\springframework\boot\spring-boot-starter\2.3.4.RELEASE\spring-boot-starter-2.3.4.RELEASE.jar;C:\Users\Admin\.m2\repository\org\springframework\boot\spring-boot\2.3.4.RELEASE\spring-boot-2.3.4.RELEASE.jar;C:\Users\Admin\.m2\repository\org\springframework\spring-context\5.2.9.RELEASE\spring-context-5.2.9.RELEASE.jar;C:\Users\Admin\.m2\repository\org\springframework\spring-aop\5.2.9.RELEASE\spring-aop-5.2.9.RELEASE.jar;C:\Users\Admin\.m2\repository\org\springframework\spring-beans\5.2.9.RELEASE\spring-beans-5.2.9.RELEASE.jar;C:\Users\Admin\.m2\repository\org\springframework\spring-expression\5.2.9.RELEASE\spring-expression-5.2.9.RELEASE.jar;C:\Users\Admin\.m2\repository\org\springframework\boot\spring-boot-autoconfigure\2.3.4.RELEASE\spring-boot-autoconfigure-2.3.4.RELEASE.jar;C:\Users\Admin\.m2\repository\org\springframework\boot\spring-boot-starter-logging\2.3.4.RELEASE\spring-boot-starter-logging-2.3.4.RELEASE.jar;C:\Users\Admin\.m2\repository\ch\qos\logback\logback-classic\1.2.3\logback-classic-1.2.3.jar;C:\Users\Admin\.m2\repository\ch\qos\logback\logback-core\1.2.3\logback-core-1.2.3.jar;C:\Users\Admin\.m2\repository\org\apache\logging\log4j\log4j-to-slf4j\2.13.3\log4j-to-slf4j-2.13.3.jar;C:\Users\Admin\.m2\repository\jakarta\annotation\jakarta.annotation-api\1.3.5\jakarta.annotation-api-1.3.5.jar;C:\Users\Admin\.m2\repository\org\yaml\snakeyaml\1.26\snakeyaml-1.26.jar;C:\Users\Admin\.m2\repository\org\springframework\boot\spring-boot-configuration-processor\2.3.4.RELEASE\spring-boot-configuration-processor-2.3.4.RELEASE.jar;C:\Users\Admin\.m2\repository\org\projectlombok\lombok\1.18.14\lombok-1.18.14.jar;C:\Users\Admin\.m2\repository\org\springframework\boot\spring-boot-starter-log4j2\2.3.4.RELEASE\spring-boot-starter-log4j2-2.3.4.RELEASE.jar;C:\Users\Admin\.m2\repository\org\apache\logging\log4j\log4j-slf4j-impl\2.13.3\log4j-slf4j-impl-2.13.3.jar;C:\Users\Admin\.m2\repository\org\apache\logging\log4j\log4j-api\2.13.3\log4j-api-2.13.3.jar;C:\Users\Admin\.m2\repository\org\apache\logging\log4j\log4j-core\2.13.3\log4j-core-2.13.3.jar;C:\Users\Admin\.m2\repository\org\apache\logging\log4j\log4j-jul\2.13.3\log4j-jul-2.13.3.jar;C:\Users\Admin\.m2\repository\org\slf4j\jul-to-slf4j\1.7.30\jul-to-slf4j-1.7.30.jar;C:\Users\Admin\.m2\repository\org\seleniumhq\selenium\selenium-java\3.141.59\selenium-java-3.141.59.jar;C:\Users\Admin\.m2\repository\org\seleniumhq\selenium\selenium-api\3.141.59\selenium-api-3.141.59.jar;C:\Users\Admin\.m2\repository\org\seleniumhq\selenium\selenium-chrome-driver\3.141.59\selenium-chrome-driver-3.141.59.jar;C:\Users\Admin\.m2\repository\org\seleniumhq\selenium\selenium-edge-driver\3.141.59\selenium-edge-driver-3.141.59.jar;C:\Users\Admin\.m2\repository\org\seleniumhq\selenium\selenium-firefox-driver\3.141.59\selenium-firefox-driver-3.141.59.jar;C:\Users\Admin\.m2\repository\org\seleniumhq\selenium\selenium-ie-driver\3.141.59\selenium-ie-driver-3.141.59.jar;C:\Users\Admin\.m2\repository\org\seleniumhq\selenium\selenium-opera-driver\3.141.59\selenium-opera-driver-3.141.59.jar;C:\Users\Admin\.m2\repository\org\seleniumhq\selenium\selenium-remote-driver\3.141.59\selenium-remote-driver-3.141.59.jar;C:\Users\Admin\.m2\repository\org\seleniumhq\selenium\selenium-safari-driver\3.141.59\selenium-safari-driver-3.141.59.jar;C:\Users\Admin\.m2\repository\org\seleniumhq\selenium\selenium-support\3.141.59\selenium-support-3.141.59.jar;C:\Users\Admin\.m2\repository\net\bytebuddy\byte-buddy\1.8.15\byte-buddy-1.8.15.jar;C:\Users\Admin\.m2\repository\org\apache\commons\commons-exec\1.3\commons-exec-1.3.jar;C:\Users\Admin\.m2\repository\com\google\guava\guava\25.0-jre\guava-25.0-jre.jar;C:\Users\Admin\.m2\repository\com\google\code\findbugs\jsr305\1.3.9\jsr305-1.3.9.jar;C:\Users\Admin\.m2\repository\org\checkerframework\checker-compat-qual\2.0.0\checker-compat-qual-2.0.0.jar;C:\Users\Admin\.m2\repository\com\google\errorprone\error_prone_annotations\2.1.3\error_prone_annotations-2.1.3.jar;C:\Users\Admin\.m2\repository\com\google\j2objc\j2objc-annotations\1.1\j2objc-annotations-1.1.jar;C:\Users\Admin\.m2\repository\org\codehaus\mojo\animal-sniffer-annotations\1.14\animal-sniffer-annotations-1.14.jar;C:\Users\Admin\.m2\repository\com\squareup\okhttp3\okhttp\3.11.0\okhttp-3.11.0.jar;C:\Users\Admin\.m2\repository\com\squareup\okio\okio\1.14.0\okio-1.14.0.jar;C:\Users\Admin\.m2\repository\org\slf4j\slf4j-simple\1.7.30\slf4j-simple-1.7.30.jar;C:\Users\Admin\.m2\repository\org\slf4j\slf4j-api\1.7.30\slf4j-api-1.7.30.jar;C:\Users\Admin\.m2\repository\com\trivago\rta\cluecumber-report-plugin\2.5.0\cluecumber-report-plugin-2.5.0.jar;C:\Users\Admin\.m2\repository\org\apache\maven\maven-plugin-api\3.6.3\maven-plugin-api-3.6.3.jar;C:\Users\Admin\.m2\repository\org\apache\maven\maven-model\3.6.3\maven-model-3.6.3.jar;C:\Users\Admin\.m2\repository\org\apache\maven\maven-artifact\3.6.3\maven-artifact-3.6.3.jar;C:\Users\Admin\.m2\repository\org\eclipse\sisu\org.eclipse.sisu.plexus\0.3.4\org.eclipse.sisu.plexus-0.3.4.jar;C:\Users\Admin\.m2\repository\javax\enterprise\cdi-api\1.0\cdi-api-1.0.jar;C:\Users\Admin\.m2\repository\javax\annotation\jsr250-api\1.0\jsr250-api-1.0.jar;C:\Users\Admin\.m2\repository\org\eclipse\sisu\org.eclipse.sisu.inject\0.3.4\org.eclipse.sisu.inject-0.3.4.jar;C:\Users\Admin\.m2\repository\org\codehaus\plexus\plexus-component-annotations\1.5.5\plexus-component-annotations-1.5.5.jar;C:\Users\Admin\.m2\repository\org\codehaus\plexus\plexus-classworlds\2.6.0\plexus-classworlds-2.6.0.jar;C:\Users\Admin\.m2\repository\com\google\code\gson\gson\2.8.6\gson-2.8.6.jar;C:\Users\Admin\.m2\repository\io\gsonfire\gson-fire\1.9.0-alpha2\gson-fire-1.9.0-alpha2.jar;C:\Users\Admin\.m2\repository\org\freemarker\freemarker\2.3.30\freemarker-2.3.30.jar;C:\Users\Admin\.m2\repository\org\codehaus\plexus\plexus-utils\3.3.0\plexus-utils-3.3.0.jar;C:\Users\Admin\.m2\repository\org\testng\testng\7.3.0\testng-7.3.0.jar;C:\Users\Admin\.m2\repository\com\beust\jcommander\1.78\jcommander-1.78.jar;C:\Users\Admin\.m2\repository\org\apache\ant\ant\1.10.3\ant-1.10.3.jar;C:\Users\Admin\.m2\repository\org\apache\ant\ant-launcher\1.10.3\ant-launcher-1.10.3.jar;C:\Users\Admin\.m2\repository\junit\junit\4.12\junit-4.12.jar;C:\Users\Admin\.m2\repository\org\hamcrest\hamcrest-core\1.3\hamcrest-core-1.3.jar;C:\Users\Admin\.m2\repository\com\google\inject\guice\4.2.2\guice-4.2.2-no_aop.jar;C:\Users\Admin\.m2\repository\javax\inject\javax.inject\1\javax.inject-1.jar;C:\Users\Admin\.m2\repository\aopalliance\aopalliance\1.0\aopalliance-1.0.jar;C:\Users\Admin\.m2\repository\org\assertj\assertj-core\3.11.1\assertj-core-3.11.1.jar;C:\Users\Admin\.m2\repository\org\apache\commons\commons-csv\1.7\commons-csv-1.7.jar;C:\Users\Admin\.m2\repository\org\springframework\boot\spring-boot-maven-plugin\2.3.4.RELEASE\spring-boot-maven-plugin-2.3.4.RELEASE.jar;C:\Users\Admin\.m2\repository\org\springframework\boot\spring-boot-buildpack-platform\2.3.4.RELEASE\spring-boot-buildpack-platform-2.3.4.RELEASE.jar;C:\Users\Admin\.m2\repository\com\fasterxml\jackson\module\jackson-module-parameter-names\2.11.2\jackson-module-parameter-names-2.11.2.jar;C:\Users\Admin\.m2\repository\net\java\dev\jna\jna-platform\5.5.0\jna-platform-5.5.0.jar;C:\Users\Admin\.m2\repository\org\apache\commons\commons-compress\1.19\commons-compress-1.19.jar;C:\Users\Admin\.m2\repository\org\apache\httpcomponents\httpclient\4.5.12\httpclient-4.5.12.jar;C:\Users\Admin\.m2\repository\org\apache\httpcomponents\httpcore\4.4.13\httpcore-4.4.13.jar;C:\Users\Admin\.m2\repository\commons-logging\commons-logging\1.2\commons-logging-1.2.jar;C:\Users\Admin\.m2\repository\commons-codec\commons-codec\1.11\commons-codec-1.11.jar;C:\Users\Admin\.m2\repository\org\springframework\boot\spring-boot-loader-tools\2.3.4.RELEASE\spring-boot-loader-tools-2.3.4.RELEASE.jar;C:\Users\Admin\.m2\repository\org\apache\maven\shared\maven-common-artifact-filters\3.1.0\maven-common-artifact-filters-3.1.0.jar;C:\Users\Admin\.m2\repository\org\apache\maven\maven-core\3.0\maven-core-3.0.jar;C:\Users\Admin\.m2\repository\org\apache\maven\maven-settings\3.0\maven-settings-3.0.jar;C:\Users\Admin\.m2\repository\org\apache\maven\maven-settings-builder\3.0\maven-settings-builder-3.0.jar;C:\Users\Admin\.m2\repository\org\apache\maven\maven-repository-metadata\3.0\maven-repository-metadata-3.0.jar;C:\Users\Admin\.m2\repository\org\apache\maven\maven-model-builder\3.0\maven-model-builder-3.0.jar;C:\Users\Admin\.m2\repository\org\apache\maven\maven-aether-provider\3.0\maven-aether-provider-3.0.jar;C:\Users\Admin\.m2\repository\org\sonatype\aether\aether-impl\1.7\aether-impl-1.7.jar;C:\Users\Admin\.m2\repository\org\sonatype\aether\aether-spi\1.7\aether-spi-1.7.jar;C:\Users\Admin\.m2\repository\org\sonatype\aether\aether-api\1.7\aether-api-1.7.jar;C:\Users\Admin\.m2\repository\org\sonatype\aether\aether-util\1.7\aether-util-1.7.jar;C:\Users\Admin\.m2\repository\org\codehaus\plexus\plexus-interpolation\1.14\plexus-interpolation-1.14.jar;C:\Users\Admin\.m2\repository\org\sonatype\plexus\plexus-sec-dispatcher\1.3\plexus-sec-dispatcher-1.3.jar;C:\Users\Admin\.m2\repository\org\sonatype\plexus\plexus-cipher\1.4\plexus-cipher-1.4.jar;C:\Users\Admin\.m2\repository\org\sonatype\sisu\sisu-inject-plexus\1.4.2\sisu-inject-plexus-1.4.2.jar;C:\Users\Admin\.m2\repository\org\sonatype\sisu\sisu-inject-bean\1.4.2\sisu-inject-bean-1.4.2.jar;C:\Users\Admin\.m2\repository\org\sonatype\sisu\sisu-guice\2.1.7\sisu-guice-2.1.7-noaop.jar;C:\Users\Admin\.m2\repository\org\apache\maven\shared\maven-shared-utils\3.1.0\maven-shared-utils-3.1.0.jar;C:\Users\Admin\.m2\repository\commons-io\commons-io\2.5\commons-io-2.5.jar;C:\Users\Admin\.m2\repository\org\sonatype\plexus\plexus-build-api\0.0.7\plexus-build-api-0.0.7.jar;C:\Users\Admin\.m2\repository\com\fasterxml\jackson\dataformat\jackson-dataformat-yaml\2.11.1\jackson-dataformat-yaml-2.11.1.jar;C:\Users\Admin\.m2\repository\com\fasterxml\jackson\core\jackson-databind\2.11.1\jackson-databind-2.11.1.jar;C:\Users\Admin\.m2\repository\com\fasterxml\jackson\core\jackson-core\2.11.1\jackson-core-2.11.1.jar;C:\Users\Admin\.m2\repository\com\googlecode\json-simple\json-simple\1.1.1\json-simple-1.1.1.jar;C:\Users\Admin\.m2\repository\com\fasterxml\jackson\datatype\jackson-datatype-jsr310\2.11.1\jackson-datatype-jsr310-2.11.1.jar;C:\Users\Admin\.m2\repository\com\fasterxml\jackson\core\jackson-annotations\2.11.1\jackson-annotations-2.11.1.jar;C:\Users\Admin\.m2\repository\org\apache\maven\plugins\maven-surefire-plugin\3.0.0-M5\maven-surefire-plugin-3.0.0-M5.jar;C:\Users\Admin\.m2\repository\org\apache\maven\surefire\maven-surefire-common\3.0.0-M5\maven-surefire-common-3.0.0-M5.jar;C:\Users\Admin\.m2\repository\org\apache\maven\surefire\surefire-api\3.0.0-M5\surefire-api-3.0.0-M5.jar;C:\Users\Admin\.m2\repository\org\apache\maven\surefire\surefire-logger-api\3.0.0-M5\surefire-logger-api-3.0.0-M5.jar;C:\Users\Admin\.m2\repository\org\apache\maven\surefire\surefire-extensions-api\3.0.0-M5\surefire-extensions-api-3.0.0-M5.jar;C:\Users\Admin\.m2\repository\org\apache\maven\surefire\surefire-booter\3.0.0-M5\surefire-booter-3.0.0-M5.jar;C:\Users\Admin\.m2\repository\org\apache\maven\surefire\surefire-extensions-spi\3.0.0-M5\surefire-extensions-spi-3.0.0-M5.jar;C:\Users\Admin\.m2\repository\org\apache\maven\maven-toolchain\3.0-alpha-2\maven-toolchain-3.0-alpha-2.jar;C:\Users\Admin\.m2\repository\org\apache\maven\shared\maven-artifact-transfer\0.11.0\maven-artifact-transfer-0.11.0.jar;C:\Users\Admin\.m2\repository\org\codehaus\plexus\plexus-java\1.0.5\plexus-java-1.0.5.jar;C:\Users\Admin\.m2\repository\org\ow2\asm\asm\7.2\asm-7.2.jar;C:\Users\Admin\.m2\repository\com\thoughtworks\qdox\qdox\2.0-M9\qdox-2.0-M9.jar;C:\Users\Admin\.m2\repository\org\apache\maven\surefire\surefire-shared-utils\3.0.0-M4\surefire-shared-utils-3.0.0-M4.jar;C:\Users\Admin\.m2\repository\org\apache\commons\commons-lang3\3.11\commons-lang3-3.11.jar;C:\Users\Admin\.m2\repository\io\github\bonigarcia\webdrivermanager\5.5.3\webdrivermanager-5.5.3.jar;C:\Users\Admin\.m2\repository\com\github\docker-java\docker-java\3.3.3\docker-java-3.3.3.jar;C:\Users\Admin\.m2\repository\com\github\docker-java\docker-java-core\3.3.3\docker-java-core-3.3.3.jar;C:\Users\Admin\.m2\repository\com\github\docker-java\docker-java-api\3.3.3\docker-java-api-3.3.3.jar;C:\Users\Admin\.m2\repository\org\bouncycastle\bcpkix-jdk18on\1.75\bcpkix-jdk18on-1.75.jar;C:\Users\Admin\.m2\repository\org\bouncycastle\bcprov-jdk18on\1.75\bcprov-jdk18on-1.75.jar;C:\Users\Admin\.m2\repository\org\bouncycastle\bcutil-jdk18on\1.75\bcutil-jdk18on-1.75.jar;C:\Users\Admin\.m2\repository\org\slf4j\jcl-over-slf4j\1.7.30\jcl-over-slf4j-1.7.30.jar;C:\Users\Admin\.m2\repository\com\github\docker-java\docker-java-transport-httpclient5\3.3.3\docker-java-transport-httpclient5-3.3.3.jar;C:\Users\Admin\.m2\repository\com\github\docker-java\docker-java-transport\3.3.3\docker-java-transport-3.3.3.jar;C:\Users\Admin\.m2\repository\net\java\dev\jna\jna\5.12.1\jna-5.12.1.jar;C:\Users\Admin\.m2\repository\org\brotli\dec\0.1.2\dec-0.1.2.jar;C:\Users\Admin\.m2\repository\org\apache\httpcomponents\client5\httpclient5\5.2.1\httpclient5-5.2.1.jar;C:\Users\Admin\.m2\repository\org\apache\httpcomponents\core5\httpcore5\5.2\httpcore5-5.2.jar;C:\Users\Admin\.m2\repository\org\apache\httpcomponents\core5\httpcore5-h2\5.2\httpcore5-h2-5.2.jar;"/>
    <property name="java.vm.vendor" value="Oracle Corporation"/>
    <property name="sun.arch.data.model" value="64"/>
    <property name="user.variant" value=""/>
    <property name="java.vendor.url" value="http://java.oracle.com/"/>
    <property name="user.timezone" value="Asia/Calcutta"/>
    <property name="java.vm.specification.version" value="1.8"/>
    <property name="os.name" value="Windows 10"/>
    <property name="user.country" value="IN"/>
    <property name="sun.java.launcher" value="SUN_STANDARD"/>
    <property name="sun.boot.library.path" value="C:\Program Files\Java\jdk1.8.0_202\jre\bin"/>
    <property name="sun.java.command" value="C:\Users\Admin\AppData\Local\Temp\surefire9162053903293307216\surefirebooter3768765511343465846.jar C:\Users\Admin\AppData\Local\Temp\surefire9162053903293307216 2024-01-12T15-53-30_049-jvmRun1 surefire2710749442544569005tmp surefire_08359288043465036657tmp"/>
    <property name="surefire.test.class.path" value="C:\Users\Admin\Downloads\demo-automation\ui_AutomationBlack\target\test-classes;C:\Users\Admin\Downloads\demo-automation\ui_AutomationBlack\target\classes;C:\Users\Admin\.m2\repository\io\cucumber\cucumber-java\6.8.0\cucumber-java-6.8.0.jar;C:\Users\Admin\.m2\repository\io\cucumber\cucumber-core\6.8.0\cucumber-core-6.8.0.jar;C:\Users\Admin\.m2\repository\io\cucumber\cucumber-gherkin\6.8.0\cucumber-gherkin-6.8.0.jar;C:\Users\Admin\.m2\repository\io\cucumber\cucumber-gherkin-messages\6.8.0\cucumber-gherkin-messages-6.8.0.jar;C:\Users\Admin\.m2\repository\io\cucumber\messages\13.1.0\messages-13.1.0.jar;C:\Users\Admin\.m2\repository\io\cucumber\tag-expressions\3.0.0\tag-expressions-3.0.0.jar;C:\Users\Admin\.m2\repository\io\cucumber\cucumber-expressions\10.3.0\cucumber-expressions-10.3.0.jar;C:\Users\Admin\.m2\repository\io\cucumber\datatable\3.5.0\datatable-3.5.0.jar;C:\Users\Admin\.m2\repository\io\cucumber\cucumber-plugin\6.8.0\cucumber-plugin-6.8.0.jar;C:\Users\Admin\.m2\repository\io\cucumber\docstring\6.8.0\docstring-6.8.0.jar;C:\Users\Admin\.m2\repository\io\cucumber\html-formatter\9.0.0\html-formatter-9.0.0.jar;C:\Users\Admin\.m2\repository\io\cucumber\create-meta\2.0.2\create-meta-2.0.2.jar;C:\Users\Admin\.m2\repository\org\apiguardian\apiguardian-api\1.1.0\apiguardian-api-1.1.0.jar;C:\Users\Admin\.m2\repository\io\cucumber\cucumber-java8\6.8.0\cucumber-java8-6.8.0.jar;C:\Users\Admin\.m2\repository\net\jodah\typetools\0.6.2\typetools-0.6.2.jar;C:\Users\Admin\.m2\repository\io\cucumber\cucumber-testng\6.8.0\cucumber-testng-6.8.0.jar;C:\Users\Admin\.m2\repository\io\cucumber\cucumber-spring\6.8.0\cucumber-spring-6.8.0.jar;C:\Users\Admin\.m2\repository\org\springframework\boot\spring-boot-starter-test\2.3.4.RELEASE\spring-boot-starter-test-2.3.4.RELEASE.jar;C:\Users\Admin\.m2\repository\org\springframework\boot\spring-boot-test\2.3.4.RELEASE\spring-boot-test-2.3.4.RELEASE.jar;C:\Users\Admin\.m2\repository\org\springframework\boot\spring-boot-test-autoconfigure\2.3.4.RELEASE\spring-boot-test-autoconfigure-2.3.4.RELEASE.jar;C:\Users\Admin\.m2\repository\com\jayway\jsonpath\json-path\2.4.0\json-path-2.4.0.jar;C:\Users\Admin\.m2\repository\net\minidev\json-smart\2.3\json-smart-2.3.jar;C:\Users\Admin\.m2\repository\net\minidev\accessors-smart\1.2\accessors-smart-1.2.jar;C:\Users\Admin\.m2\repository\jakarta\xml\bind\jakarta.xml.bind-api\2.3.3\jakarta.xml.bind-api-2.3.3.jar;C:\Users\Admin\.m2\repository\jakarta\activation\jakarta.activation-api\1.2.2\jakarta.activation-api-1.2.2.jar;C:\Users\Admin\.m2\repository\org\hamcrest\hamcrest\2.2\hamcrest-2.2.jar;C:\Users\Admin\.m2\repository\org\junit\jupiter\junit-jupiter\5.6.2\junit-jupiter-5.6.2.jar;C:\Users\Admin\.m2\repository\org\junit\jupiter\junit-jupiter-params\5.6.2\junit-jupiter-params-5.6.2.jar;C:\Users\Admin\.m2\repository\org\mockito\mockito-core\3.3.3\mockito-core-3.3.3.jar;C:\Users\Admin\.m2\repository\net\bytebuddy\byte-buddy-agent\1.10.5\byte-buddy-agent-1.10.5.jar;C:\Users\Admin\.m2\repository\org\objenesis\objenesis\2.6\objenesis-2.6.jar;C:\Users\Admin\.m2\repository\org\mockito\mockito-junit-jupiter\3.3.3\mockito-junit-jupiter-3.3.3.jar;C:\Users\Admin\.m2\repository\org\skyscreamer\jsonassert\1.5.0\jsonassert-1.5.0.jar;C:\Users\Admin\.m2\repository\com\vaadin\external\google\android-json\0.0.20131108.vaadin1\android-json-0.0.20131108.vaadin1.jar;C:\Users\Admin\.m2\repository\org\springframework\spring-core\5.2.9.RELEASE\spring-core-5.2.9.RELEASE.jar;C:\Users\Admin\.m2\repository\org\springframework\spring-jcl\5.2.9.RELEASE\spring-jcl-5.2.9.RELEASE.jar;C:\Users\Admin\.m2\repository\org\springframework\spring-test\5.2.9.RELEASE\spring-test-5.2.9.RELEASE.jar;C:\Users\Admin\.m2\repository\org\xmlunit\xmlunit-core\2.7.0\xmlunit-core-2.7.0.jar;C:\Users\Admin\.m2\repository\org\springframework\boot\spring-boot-starter\2.3.4.RELEASE\spring-boot-starter-2.3.4.RELEASE.jar;C:\Users\Admin\.m2\repository\org\springframework\boot\spring-boot\2.3.4.RELEASE\spring-boot-2.3.4.RELEASE.jar;C:\Users\Admin\.m2\repository\org\springframework\spring-context\5.2.9.RELEASE\spring-context-5.2.9.RELEASE.jar;C:\Users\Admin\.m2\repository\org\springframework\spring-aop\5.2.9.RELEASE\spring-aop-5.2.9.RELEASE.jar;C:\Users\Admin\.m2\repository\org\springframework\spring-beans\5.2.9.RELEASE\spring-beans-5.2.9.RELEASE.jar;C:\Users\Admin\.m2\repository\org\springframework\spring-expression\5.2.9.RELEASE\spring-expression-5.2.9.RELEASE.jar;C:\Users\Admin\.m2\repository\org\springframework\boot\spring-boot-autoconfigure\2.3.4.RELEASE\spring-boot-autoconfigure-2.3.4.RELEASE.jar;C:\Users\Admin\.m2\repository\org\springframework\boot\spring-boot-starter-logging\2.3.4.RELEASE\spring-boot-starter-logging-2.3.4.RELEASE.jar;C:\Users\Admin\.m2\repository\ch\qos\logback\logback-classic\1.2.3\logback-classic-1.2.3.jar;C:\Users\Admin\.m2\repository\ch\qos\logback\logback-core\1.2.3\logback-core-1.2.3.jar;C:\Users\Admin\.m2\repository\org\apache\logging\log4j\log4j-to-slf4j\2.13.3\log4j-to-slf4j-2.13.3.jar;C:\Users\Admin\.m2\repository\jakarta\annotation\jakarta.annotation-api\1.3.5\jakarta.annotation-api-1.3.5.jar;C:\Users\Admin\.m2\repository\org\yaml\snakeyaml\1.26\snakeyaml-1.26.jar;C:\Users\Admin\.m2\repository\org\springframework\boot\spring-boot-configuration-processor\2.3.4.RELEASE\spring-boot-configuration-processor-2.3.4.RELEASE.jar;C:\Users\Admin\.m2\repository\org\projectlombok\lombok\1.18.14\lombok-1.18.14.jar;C:\Users\Admin\.m2\repository\org\springframework\boot\spring-boot-starter-log4j2\2.3.4.RELEASE\spring-boot-starter-log4j2-2.3.4.RELEASE.jar;C:\Users\Admin\.m2\repository\org\apache\logging\log4j\log4j-slf4j-impl\2.13.3\log4j-slf4j-impl-2.13.3.jar;C:\Users\Admin\.m2\repository\org\apache\logging\log4j\log4j-api\2.13.3\log4j-api-2.13.3.jar;C:\Users\Admin\.m2\repository\org\apache\logging\log4j\log4j-core\2.13.3\log4j-core-2.13.3.jar;C:\Users\Admin\.m2\repository\org\apache\logging\log4j\log4j-jul\2.13.3\log4j-jul-2.13.3.jar;C:\Users\Admin\.m2\repository\org\slf4j\jul-to-slf4j\1.7.30\jul-to-slf4j-1.7.30.jar;C:\Users\Admin\.m2\repository\org\seleniumhq\selenium\selenium-java\3.141.59\selenium-java-3.141.59.jar;C:\Users\Admin\.m2\repository\org\seleniumhq\selenium\selenium-api\3.141.59\selenium-api-3.141.59.jar;C:\Users\Admin\.m2\repository\org\seleniumhq\selenium\selenium-chrome-driver\3.141.59\selenium-chrome-driver-3.141.59.jar;C:\Users\Admin\.m2\repository\org\seleniumhq\selenium\selenium-edge-driver\3.141.59\selenium-edge-driver-3.141.59.jar;C:\Users\Admin\.m2\repository\org\seleniumhq\selenium\selenium-firefox-driver\3.141.59\selenium-firefox-driver-3.141.59.jar;C:\Users\Admin\.m2\repository\org\seleniumhq\selenium\selenium-ie-driver\3.141.59\selenium-ie-driver-3.141.59.jar;C:\Users\Admin\.m2\repository\org\seleniumhq\selenium\selenium-opera-driver\3.141.59\selenium-opera-driver-3.141.59.jar;C:\Users\Admin\.m2\repository\org\seleniumhq\selenium\selenium-remote-driver\3.141.59\selenium-remote-driver-3.141.59.jar;C:\Users\Admin\.m2\repository\org\seleniumhq\selenium\selenium-safari-driver\3.141.59\selenium-safari-driver-3.141.59.jar;C:\Users\Admin\.m2\repository\org\seleniumhq\selenium\selenium-support\3.141.59\selenium-support-3.141.59.jar;C:\Users\Admin\.m2\repository\net\bytebuddy\byte-buddy\1.8.15\byte-buddy-1.8.15.jar;C:\Users\Admin\.m2\repository\org\apache\commons\commons-exec\1.3\commons-exec-1.3.jar;C:\Users\Admin\.m2\repository\com\google\guava\guava\25.0-jre\guava-25.0-jre.jar;C:\Users\Admin\.m2\repository\com\google\code\findbugs\jsr305\1.3.9\jsr305-1.3.9.jar;C:\Users\Admin\.m2\repository\org\checkerframework\checker-compat-qual\2.0.0\checker-compat-qual-2.0.0.jar;C:\Users\Admin\.m2\repository\com\google\errorprone\error_prone_annotations\2.1.3\error_prone_annotations-2.1.3.jar;C:\Users\Admin\.m2\repository\com\google\j2objc\j2objc-annotations\1.1\j2objc-annotations-1.1.jar;C:\Users\Admin\.m2\repository\org\codehaus\mojo\animal-sniffer-annotations\1.14\animal-sniffer-annotations-1.14.jar;C:\Users\Admin\.m2\repository\com\squareup\okhttp3\okhttp\3.11.0\okhttp-3.11.0.jar;C:\Users\Admin\.m2\repository\com\squareup\okio\okio\1.14.0\okio-1.14.0.jar;C:\Users\Admin\.m2\repository\org\slf4j\slf4j-simple\1.7.30\slf4j-simple-1.7.30.jar;C:\Users\Admin\.m2\repository\org\slf4j\slf4j-api\1.7.30\slf4j-api-1.7.30.jar;C:\Users\Admin\.m2\repository\com\trivago\rta\cluecumber-report-plugin\2.5.0\cluecumber-report-plugin-2.5.0.jar;C:\Users\Admin\.m2\repository\org\apache\maven\maven-plugin-api\3.6.3\maven-plugin-api-3.6.3.jar;C:\Users\Admin\.m2\repository\org\apache\maven\maven-model\3.6.3\maven-model-3.6.3.jar;C:\Users\Admin\.m2\repository\org\apache\maven\maven-artifact\3.6.3\maven-artifact-3.6.3.jar;C:\Users\Admin\.m2\repository\org\eclipse\sisu\org.eclipse.sisu.plexus\0.3.4\org.eclipse.sisu.plexus-0.3.4.jar;C:\Users\Admin\.m2\repository\javax\enterprise\cdi-api\1.0\cdi-api-1.0.jar;C:\Users\Admin\.m2\repository\javax\annotation\jsr250-api\1.0\jsr250-api-1.0.jar;C:\Users\Admin\.m2\repository\org\eclipse\sisu\org.eclipse.sisu.inject\0.3.4\org.eclipse.sisu.inject-0.3.4.jar;C:\Users\Admin\.m2\repository\org\codehaus\plexus\plexus-component-annotations\1.5.5\plexus-component-annotations-1.5.5.jar;C:\Users\Admin\.m2\repository\org\codehaus\plexus\plexus-classworlds\2.6.0\plexus-classworlds-2.6.0.jar;C:\Users\Admin\.m2\repository\com\google\code\gson\gson\2.8.6\gson-2.8.6.jar;C:\Users\Admin\.m2\repository\io\gsonfire\gson-fire\1.9.0-alpha2\gson-fire-1.9.0-alpha2.jar;C:\Users\Admin\.m2\repository\org\freemarker\freemarker\2.3.30\freemarker-2.3.30.jar;C:\Users\Admin\.m2\repository\org\codehaus\plexus\plexus-utils\3.3.0\plexus-utils-3.3.0.jar;C:\Users\Admin\.m2\repository\org\testng\testng\7.3.0\testng-7.3.0.jar;C:\Users\Admin\.m2\repository\com\beust\jcommander\1.78\jcommander-1.78.jar;C:\Users\Admin\.m2\repository\org\apache\ant\ant\1.10.3\ant-1.10.3.jar;C:\Users\Admin\.m2\repository\org\apache\ant\ant-launcher\1.10.3\ant-launcher-1.10.3.jar;C:\Users\Admin\.m2\repository\junit\junit\4.12\junit-4.12.jar;C:\Users\Admin\.m2\repository\org\hamcrest\hamcrest-core\1.3\hamcrest-core-1.3.jar;C:\Users\Admin\.m2\repository\com\google\inject\guice\4.2.2\guice-4.2.2-no_aop.jar;C:\Users\Admin\.m2\repository\javax\inject\javax.inject\1\javax.inject-1.jar;C:\Users\Admin\.m2\repository\aopalliance\aopalliance\1.0\aopalliance-1.0.jar;C:\Users\Admin\.m2\repository\org\assertj\assertj-core\3.11.1\assertj-core-3.11.1.jar;C:\Users\Admin\.m2\repository\org\apache\commons\commons-csv\1.7\commons-csv-1.7.jar;C:\Users\Admin\.m2\repository\org\springframework\boot\spring-boot-maven-plugin\2.3.4.RELEASE\spring-boot-maven-plugin-2.3.4.RELEASE.jar;C:\Users\Admin\.m2\repository\org\springframework\boot\spring-boot-buildpack-platform\2.3.4.RELEASE\spring-boot-buildpack-platform-2.3.4.RELEASE.jar;C:\Users\Admin\.m2\repository\com\fasterxml\jackson\module\jackson-module-parameter-names\2.11.2\jackson-module-parameter-names-2.11.2.jar;C:\Users\Admin\.m2\repository\net\java\dev\jna\jna-platform\5.5.0\jna-platform-5.5.0.jar;C:\Users\Admin\.m2\repository\org\apache\commons\commons-compress\1.19\commons-compress-1.19.jar;C:\Users\Admin\.m2\repository\org\apache\httpcomponents\httpclient\4.5.12\httpclient-4.5.12.jar;C:\Users\Admin\.m2\repository\org\apache\httpcomponents\httpcore\4.4.13\httpcore-4.4.13.jar;C:\Users\Admin\.m2\repository\commons-logging\commons-logging\1.2\commons-logging-1.2.jar;C:\Users\Admin\.m2\repository\commons-codec\commons-codec\1.11\commons-codec-1.11.jar;C:\Users\Admin\.m2\repository\org\springframework\boot\spring-boot-loader-tools\2.3.4.RELEASE\spring-boot-loader-tools-2.3.4.RELEASE.jar;C:\Users\Admin\.m2\repository\org\apache\maven\shared\maven-common-artifact-filters\3.1.0\maven-common-artifact-filters-3.1.0.jar;C:\Users\Admin\.m2\repository\org\apache\maven\maven-core\3.0\maven-core-3.0.jar;C:\Users\Admin\.m2\repository\org\apache\maven\maven-settings\3.0\maven-settings-3.0.jar;C:\Users\Admin\.m2\repository\org\apache\maven\maven-settings-builder\3.0\maven-settings-builder-3.0.jar;C:\Users\Admin\.m2\repository\org\apache\maven\maven-repository-metadata\3.0\maven-repository-metadata-3.0.jar;C:\Users\Admin\.m2\repository\org\apache\maven\maven-model-builder\3.0\maven-model-builder-3.0.jar;C:\Users\Admin\.m2\repository\org\apache\maven\maven-aether-provider\3.0\maven-aether-provider-3.0.jar;C:\Users\Admin\.m2\repository\org\sonatype\aether\aether-impl\1.7\aether-impl-1.7.jar;C:\Users\Admin\.m2\repository\org\sonatype\aether\aether-spi\1.7\aether-spi-1.7.jar;C:\Users\Admin\.m2\repository\org\sonatype\aether\aether-api\1.7\aether-api-1.7.jar;C:\Users\Admin\.m2\repository\org\sonatype\aether\aether-util\1.7\aether-util-1.7.jar;C:\Users\Admin\.m2\repository\org\codehaus\plexus\plexus-interpolation\1.14\plexus-interpolation-1.14.jar;C:\Users\Admin\.m2\repository\org\sonatype\plexus\plexus-sec-dispatcher\1.3\plexus-sec-dispatcher-1.3.jar;C:\Users\Admin\.m2\repository\org\sonatype\plexus\plexus-cipher\1.4\plexus-cipher-1.4.jar;C:\Users\Admin\.m2\repository\org\sonatype\sisu\sisu-inject-plexus\1.4.2\sisu-inject-plexus-1.4.2.jar;C:\Users\Admin\.m2\repository\org\sonatype\sisu\sisu-inject-bean\1.4.2\sisu-inject-bean-1.4.2.jar;C:\Users\Admin\.m2\repository\org\sonatype\sisu\sisu-guice\2.1.7\sisu-guice-2.1.7-noaop.jar;C:\Users\Admin\.m2\repository\org\apache\maven\shared\maven-shared-utils\3.1.0\maven-shared-utils-3.1.0.jar;C:\Users\Admin\.m2\repository\commons-io\commons-io\2.5\commons-io-2.5.jar;C:\Users\Admin\.m2\repository\org\sonatype\plexus\plexus-build-api\0.0.7\plexus-build-api-0.0.7.jar;C:\Users\Admin\.m2\repository\com\fasterxml\jackson\dataformat\jackson-dataformat-yaml\2.11.1\jackson-dataformat-yaml-2.11.1.jar;C:\Users\Admin\.m2\repository\com\fasterxml\jackson\core\jackson-databind\2.11.1\jackson-databind-2.11.1.jar;C:\Users\Admin\.m2\repository\com\fasterxml\jackson\core\jackson-core\2.11.1\jackson-core-2.11.1.jar;C:\Users\Admin\.m2\repository\com\googlecode\json-simple\json-simple\1.1.1\json-simple-1.1.1.jar;C:\Users\Admin\.m2\repository\com\fasterxml\jackson\datatype\jackson-datatype-jsr310\2.11.1\jackson-datatype-jsr310-2.11.1.jar;C:\Users\Admin\.m2\repository\com\fasterxml\jackson\core\jackson-annotations\2.11.1\jackson-annotations-2.11.1.jar;C:\Users\Admin\.m2\repository\org\apache\maven\plugins\maven-surefire-plugin\3.0.0-M5\maven-surefire-plugin-3.0.0-M5.jar;C:\Users\Admin\.m2\repository\org\apache\maven\surefire\maven-surefire-common\3.0.0-M5\maven-surefire-common-3.0.0-M5.jar;C:\Users\Admin\.m2\repository\org\apache\maven\surefire\surefire-api\3.0.0-M5\surefire-api-3.0.0-M5.jar;C:\Users\Admin\.m2\repository\org\apache\maven\surefire\surefire-logger-api\3.0.0-M5\surefire-logger-api-3.0.0-M5.jar;C:\Users\Admin\.m2\repository\org\apache\maven\surefire\surefire-extensions-api\3.0.0-M5\surefire-extensions-api-3.0.0-M5.jar;C:\Users\Admin\.m2\repository\org\apache\maven\surefire\surefire-booter\3.0.0-M5\surefire-booter-3.0.0-M5.jar;C:\Users\Admin\.m2\repository\org\apache\maven\surefire\surefire-extensions-spi\3.0.0-M5\surefire-extensions-spi-3.0.0-M5.jar;C:\Users\Admin\.m2\repository\org\apache\maven\maven-toolchain\3.0-alpha-2\maven-toolchain-3.0-alpha-2.jar;C:\Users\Admin\.m2\repository\org\apache\maven\shared\maven-artifact-transfer\0.11.0\maven-artifact-transfer-0.11.0.jar;C:\Users\Admin\.m2\repository\org\codehaus\plexus\plexus-java\1.0.5\plexus-java-1.0.5.jar;C:\Users\Admin\.m2\repository\org\ow2\asm\asm\7.2\asm-7.2.jar;C:\Users\Admin\.m2\repository\com\thoughtworks\qdox\qdox\2.0-M9\qdox-2.0-M9.jar;C:\Users\Admin\.m2\repository\org\apache\maven\surefire\surefire-shared-utils\3.0.0-M4\surefire-shared-utils-3.0.0-M4.jar;C:\Users\Admin\.m2\repository\org\apache\commons\commons-lang3\3.11\commons-lang3-3.11.jar;C:\Users\Admin\.m2\repository\io\github\bonigarcia\webdrivermanager\5.5.3\webdrivermanager-5.5.3.jar;C:\Users\Admin\.m2\repository\com\github\docker-java\docker-java\3.3.3\docker-java-3.3.3.jar;C:\Users\Admin\.m2\repository\com\github\docker-java\docker-java-core\3.3.3\docker-java-core-3.3.3.jar;C:\Users\Admin\.m2\repository\com\github\docker-java\docker-java-api\3.3.3\docker-java-api-3.3.3.jar;C:\Users\Admin\.m2\repository\org\bouncycastle\bcpkix-jdk18on\1.75\bcpkix-jdk18on-1.75.jar;C:\Users\Admin\.m2\repository\org\bouncycastle\bcprov-jdk18on\1.75\bcprov-jdk18on-1.75.jar;C:\Users\Admin\.m2\repository\org\bouncycastle\bcutil-jdk18on\1.75\bcutil-jdk18on-1.75.jar;C:\Users\Admin\.m2\repository\org\slf4j\jcl-over-slf4j\1.7.30\jcl-over-slf4j-1.7.30.jar;C:\Users\Admin\.m2\repository\com\github\docker-java\docker-java-transport-httpclient5\3.3.3\docker-java-transport-httpclient5-3.3.3.jar;C:\Users\Admin\.m2\repository\com\github\docker-java\docker-java-transport\3.3.3\docker-java-transport-3.3.3.jar;C:\Users\Admin\.m2\repository\net\java\dev\jna\jna\5.12.1\jna-5.12.1.jar;C:\Users\Admin\.m2\repository\org\brotli\dec\0.1.2\dec-0.1.2.jar;C:\Users\Admin\.m2\repository\org\apache\httpcomponents\client5\httpclient5\5.2.1\httpclient5-5.2.1.jar;C:\Users\Admin\.m2\repository\org\apache\httpcomponents\core5\httpcore5\5.2\httpcore5-5.2.jar;C:\Users\Admin\.m2\repository\org\apache\httpcomponents\core5\httpcore5-h2\5.2\httpcore5-h2-5.2.jar;"/>
    <property name="sun.cpu.endian" value="little"/>
    <property name="user.home" value="C:\Users\Admin"/>
    <property name="user.language" value="en"/>
    <property name="java.specification.vendor" value="Oracle Corporation"/>
    <property name="java.home" value="C:\Program Files\Java\jdk1.8.0_202\jre"/>
    <property name="basedir" value="C:\Users\Admin\Downloads\demo-automation\ui_AutomationBlack"/>
    <property name="file.separator" value="\"/>
    <property name="line.separator" value="&#10;"/>
    <property name="java.vm.specification.vendor" value="Oracle Corporation"/>
    <property name="java.specification.name" value="Java Platform API Specification"/>
    <property name="java.awt.graphicsenv" value="sun.awt.Win32GraphicsEnvironment"/>
    <property name="java.awt.headless" value="true"/>
    <property name="surefire.real.class.path" value="C:\Users\Admin\AppData\Local\Temp\surefire9162053903293307216\surefirebooter3768765511343465846.jar"/>
    <property name="sun.boot.class.path" value="C:\Program Files\Java\jdk1.8.0_202\jre\lib\resources.jar;C:\Program Files\Java\jdk1.8.0_202\jre\lib\rt.jar;C:\Program Files\Java\jdk1.8.0_202\jre\lib\sunrsasign.jar;C:\Program Files\Java\jdk1.8.0_202\jre\lib\jsse.jar;C:\Program Files\Java\jdk1.8.0_202\jre\lib\jce.jar;C:\Program Files\Java\jdk1.8.0_202\jre\lib\charsets.jar;C:\Program Files\Java\jdk1.8.0_202\jre\lib\jfr.jar;C:\Program Files\Java\jdk1.8.0_202\jre\classes"/>
    <property name="user.script" value=""/>
    <property name="sun.management.compiler" value="HotSpot 64-Bit Tiered Compilers"/>
    <property name="java.runtime.version" value="1.8.0_202-b08"/>
    <property name="user.name" value="Admin"/>
    <property name="path.separator" value=";"/>
    <property name="os.version" value="10.0"/>
    <property name="java.endorsed.dirs" value="C:\Program Files\Java\jdk1.8.0_202\jre\lib\endorsed"/>
    <property name="java.runtime.name" value="Java(TM) SE Runtime Environment"/>
    <property name="file.encoding" value="Cp1252"/>
    <property name="spring.beaninfo.ignore" value="true"/>
    <property name="java.vm.name" value="Java HotSpot(TM) 64-Bit Server VM"/>
    <property name="localRepository" value="C:\Users\Admin\.m2\repository"/>
    <property name="java.vendor.url.bug" value="http://bugreport.sun.com/bugreport/"/>
    <property name="java.io.tmpdir" value="C:\Users\Admin\AppData\Local\Temp\"/>
    <property name="idea.version" value="2023.3.2"/>
    <property name="cucumber.filter.tags" value="@home"/>
    <property name="java.version" value="1.8.0_202"/>
    <property name="user.dir" value="C:\Users\Admin\Downloads\demo-automation\ui_AutomationBlack"/>
    <property name="os.arch" value="amd64"/>
    <property name="java.vm.specification.name" value="Java Virtual Machine Specification"/>
    <property name="PID" value="8904"/>
    <property name="java.awt.printerjob" value="sun.awt.windows.WPrinterJob"/>
    <property name="sun.os.patch.level" value=""/>
    <property name="java.library.path" value="C:\Program Files\Java\jdk1.8.0_202\jre\bin;C:\Windows\Sun\Java\bin;C:\Windows\system32;C:\Windows;C:\Program Files\Common Files\Oracle\Java\javapath;C:\Program Files (x86)\Common Files\Oracle\Java\javapath;C:\ProgramData\Oracle\Java\javapath;C:\Windows\system32;C:\Windows;C:\Windows\System32\Wbem;C:\Windows\System32\WindowsPowerShell\v1.0\;C:\Windows\System32\OpenSSH\;C:\Program Files\Git\cmd;C:\Program Files\Java\jdk1.8.0_202\bin;C:\Program Files\Java\jdk-11\bin;E:\apache-maven-3.9.5\bin;C:\Program Files\nodejs\;C:\Program Files\nodejs\node_modules\npm\bin;E:\allure-2.25.0\bin;C:\Users\Admin\AppData\Local\Programs\Python\Python312\Scripts\;C:\Users\Admin\AppData\Local\Programs\Python\Python312\;C:\Users\Admin\AppData\Local\Programs\Python\Launcher\;C:\Windows\system32\config\systemprofile\AppData\Local\Microsoft\WindowsApps;;C:\Program Files\JetBrains\IntelliJ IDEA Community Edition 2023.2.3\bin;;C:\Program Files\Lens\resources\cli\bin;C:\Users\Admin\AppData\Local\Programs\Microsoft VS Code\bin;C:\Users\Admin\AppData\Roaming\npm;."/>
    <property name="java.vm.info" value="mixed mode"/>
    <property name="java.vendor" value="Oracle Corporation"/>
    <property name="java.vm.version" value="25.202-b08"/>
    <property name="java.ext.dirs" value="C:\Program Files\Java\jdk1.8.0_202\jre\lib\ext;C:\Windows\Sun\Java\lib\ext"/>
    <property name="sun.io.unicode.encoding" value="UnicodeLittle"/>
    <property name="config.file" value="qatesttt"/>
    <property name="java.class.version" value="52.0"/>
  </properties>
  <testcase name="runScenario[&quot;test as a Admin user&quot;, &quot;Optional[test]&quot;](1)" classname="com.bst.cucumber.CucumberTest" time="113.489">
    <failure message="Expected condition failed: waiting for element to no longer be visible: By.cssSelector: i.fa-spinner (tried for 100 second(s) with 200 milliseconds interval)" type="org.openqa.selenium.TimeoutException"><![CDATA[org.openqa.selenium.TimeoutException: Expected condition failed: waiting for element to no longer be visible: By.cssSelector: i.fa-spinner (tried for 100 second(s) with 200 milliseconds interval)
Caused by: org.openqa.selenium.NoSuchWindowException: 
no such window: target window already closed
from unknown error: web view not found
  (Session info: chrome=120.0.6099.217)
Build info: version: '3.141.59', revision: 'e82be7d358', time: '2018-11-14T08:17:03'
System info: host: 'NEW8', ip: '192.168.1.14', os.name: 'Windows 10', os.arch: 'amd64', os.version: '10.0', java.version: '1.8.0_202'
Driver info: org.openqa.selenium.chrome.ChromeDriver
Capabilities {acceptInsecureCerts: false, browserName: chrome, browserVersion: 120.0.6099.217, chrome: {chromedriverVersion: 120.0.6099.109 (3419140ab66..., userDataDir: C:\Users\Admin\AppData\Loca...}, fedcm:accounts: true, goog:chromeOptions: {debuggerAddress: localhost:53387}, javascriptEnabled: true, networkConnectionEnabled: false, pageLoadStrategy: normal, platform: WINDOWS, platformName: WINDOWS, proxy: Proxy(), setWindowRect: true, strictFileInteractability: false, timeouts: {implicit: 0, pageLoad: 300000, script: 30000}, unhandledPromptBehavior: dismiss and notify, webauthn:extension:credBlob: true, webauthn:extension:largeBlob: true, webauthn:extension:minPinLength: true, webauthn:extension:prf: true, webauthn:virtualAuthenticators: true}
Session ID: 3142cb4c704877aebb34aa8a571e88e0
*** Element info: {Using=css selector, value=i.fa-spinner}
]]></failure>
    <system-out><![CDATA[>>>>>>>>>>>>>> Prepare data before test suite run etc.
15:53:31.605 [TestNG-PoolService-0] DEBUG org.springframework.test.context.BootstrapUtils - Instantiating CacheAwareContextLoaderDelegate from class [org.springframework.test.context.cache.DefaultCacheAwareContextLoaderDelegate]
15:53:31.613 [TestNG-PoolService-0] DEBUG org.springframework.test.context.BootstrapUtils - Instantiating BootstrapContext using constructor [public org.springframework.test.context.support.DefaultBootstrapContext(java.lang.Class,org.springframework.test.context.CacheAwareContextLoaderDelegate)]
15:53:31.632 [TestNG-PoolService-0] DEBUG org.springframework.test.context.BootstrapUtils - Instantiating TestContextBootstrapper for test class [com.bst.base.BaseSteps] from class [org.springframework.boot.test.context.SpringBootTestContextBootstrapper]
15:53:31.642 [TestNG-PoolService-0] INFO org.springframework.boot.test.context.SpringBootTestContextBootstrapper - Neither @ContextConfiguration nor @ContextHierarchy found for test class [com.bst.base.BaseSteps], using SpringBootContextLoader
15:53:31.645 [TestNG-PoolService-0] DEBUG org.springframework.test.context.support.AbstractContextLoader - Did not detect default resource location for test class [com.bst.base.BaseSteps]: class path resource [com/bst/base/BaseSteps-context.xml] does not exist
15:53:31.646 [TestNG-PoolService-0] DEBUG org.springframework.test.context.support.AbstractContextLoader - Did not detect default resource location for test class [com.bst.base.BaseSteps]: class path resource [com/bst/base/BaseStepsContext.groovy] does not exist
15:53:31.646 [TestNG-PoolService-0] INFO org.springframework.test.context.support.AbstractContextLoader - Could not detect default resource locations for test class [com.bst.base.BaseSteps]: no resource found for suffixes {-context.xml, Context.groovy}.
15:53:31.673 [TestNG-PoolService-0] DEBUG org.springframework.test.context.support.ActiveProfilesUtils - Could not find an 'annotation declaring class' for annotation type [org.springframework.test.context.ActiveProfiles] and class [com.bst.base.BaseSteps]
15:53:31.776 [TestNG-PoolService-0] DEBUG org.springframework.boot.test.context.SpringBootTestContextBootstrapper - @TestExecutionListeners is not present for class [com.bst.base.BaseSteps]: using defaults.
15:53:31.776 [TestNG-PoolService-0] INFO org.springframework.boot.test.context.SpringBootTestContextBootstrapper - Loaded default TestExecutionListener class names from location [META-INF/spring.factories]: [org.springframework.boot.test.mock.mockito.MockitoTestExecutionListener, org.springframework.boot.test.mock.mockito.ResetMocksTestExecutionListener, org.springframework.boot.test.autoconfigure.restdocs.RestDocsTestExecutionListener, org.springframework.boot.test.autoconfigure.web.client.MockRestServiceServerResetTestExecutionListener, org.springframework.boot.test.autoconfigure.web.servlet.MockMvcPrintOnlyOnFailureTestExecutionListener, org.springframework.boot.test.autoconfigure.web.servlet.WebDriverTestExecutionListener, org.springframework.boot.test.autoconfigure.webservices.client.MockWebServiceServerTestExecutionListener, org.springframework.test.context.web.ServletTestExecutionListener, org.springframework.test.context.support.DirtiesContextBeforeModesTestExecutionListener, org.springframework.test.context.support.DependencyInjectionTestExecutionListener, org.springframework.test.context.support.DirtiesContextTestExecutionListener, org.springframework.test.context.transaction.TransactionalTestExecutionListener, org.springframework.test.context.jdbc.SqlScriptsTestExecutionListener, org.springframework.test.context.event.EventPublishingTestExecutionListener]
15:53:31.781 [TestNG-PoolService-0] DEBUG org.springframework.boot.test.context.SpringBootTestContextBootstrapper - Skipping candidate TestExecutionListener [org.springframework.test.context.web.ServletTestExecutionListener] due to a missing dependency. Specify custom listener classes or make the default listener classes and their required dependencies available. Offending class: [javax/servlet/ServletContext]
15:53:31.782 [TestNG-PoolService-0] DEBUG org.springframework.boot.test.context.SpringBootTestContextBootstrapper - Skipping candidate TestExecutionListener [org.springframework.test.context.transaction.TransactionalTestExecutionListener] due to a missing dependency. Specify custom listener classes or make the default listener classes and their required dependencies available. Offending class: [org/springframework/transaction/interceptor/TransactionAttributeSource]
15:53:31.783 [TestNG-PoolService-0] DEBUG org.springframework.boot.test.context.SpringBootTestContextBootstrapper - Skipping candidate TestExecutionListener [org.springframework.test.context.jdbc.SqlScriptsTestExecutionListener] due to a missing dependency. Specify custom listener classes or make the default listener classes and their required dependencies available. Offending class: [org/springframework/transaction/interceptor/TransactionAttribute]
15:53:31.783 [TestNG-PoolService-0] INFO org.springframework.boot.test.context.SpringBootTestContextBootstrapper - Using TestExecutionListeners: [org.springframework.test.context.support.DirtiesContextBeforeModesTestExecutionListener@32ee75ab, org.springframework.boot.test.mock.mockito.MockitoTestExecutionListener@3a4d4b98, org.springframework.boot.test.autoconfigure.SpringBootDependencyInjectionTestExecutionListener@1b27852e, org.springframework.test.context.support.DirtiesContextTestExecutionListener@1cfdfce3, org.springframework.test.context.event.EventPublishingTestExecutionListener@5d7f91fa, org.springframework.boot.test.mock.mockito.ResetMocksTestExecutionListener@dbe1046, org.springframework.boot.test.autoconfigure.restdocs.RestDocsTestExecutionListener@2a97ea2a, org.springframework.boot.test.autoconfigure.web.client.MockRestServiceServerResetTestExecutionListener@597e117f, org.springframework.boot.test.autoconfigure.web.servlet.MockMvcPrintOnlyOnFailureTestExecutionListener@78afbbeb, org.springframework.boot.test.autoconfigure.web.servlet.WebDriverTestExecutionListener@56eb898, org.springframework.boot.test.autoconfigure.webservices.client.MockWebServiceServerTestExecutionListener@103dc4a5]
15:53:31.799 [TestNG-PoolService-0] DEBUG org.springframework.test.context.support.TestPropertySourceUtils - Adding inlined properties to environment: {spring.jmx.enabled=false, org.springframework.boot.test.context.SpringBootTestContextBootstrapper=true}

  .   ____          _            __ _ _
 /\\ / ___'_ __ _ _(_)_ __  __ _ \ \ \ \
( ( )\___ | '_ | '_| | '_ \/ _` | \ \ \ \
 \\/  ___)| |_)| | | | | || (_| |  ) ) ) )
  '  |____| .__|_| |_|_| |_\__, | / / / /
 =========|_|==============|___/=/_/_/_/
 :: Spring Boot ::        (v2.3.4.RELEASE)

2024-01-12 15:53:31.954  INFO 8904 --- [G-PoolService-0] com.bst.base.BaseSteps                   : Starting BaseSteps on New8 with PID 8904 (C:\Users\Admin\Downloads\demo-automation\ui_AutomationBlack\target\classes started by Admin in C:\Users\Admin\Downloads\demo-automation\ui_AutomationBlack)
2024-01-12 15:53:31.955  INFO 8904 --- [G-PoolService-0] com.bst.base.BaseSteps                   : No active profile set, falling back to default profiles: default
2024-01-12 15:53:32.471  INFO 8904 --- [G-PoolService-0] f.a.AutowiredAnnotationBeanPostProcessor : Autowired annotation is not supported on static fields: private static final java.util.HashMap com.bst.configuration.sections.Environment.listOfUsers
2024-01-12 15:53:32.634  INFO 8904 --- [G-PoolService-0] com.bst.base.BaseSteps                   : Started BaseSteps in 0.833 seconds (JVM running for 2.01)
 ℹ &amp#27;[1;32m[TEST AUTOMATION CONFIGURATION SETTINGS]:&amp#27;[0m
&amp#27;[34m[Driver details]: DriverDetails(isHeadless=false, shouldHighlightElement=true, highlightColor=yellow, browserType=CHROME, os=WINDOWS, isIncognito=false, gridUrl=http://10.211.55.3:4444/wd/hub, isUsingGrid=false, listeners=[ConsolePrinterListener, HighlightListener], browserArguments=[], isDebugMode=false)&amp#27;[0m
&amp#27;[34m[Environment details]: Environment(url=http://y2tek-ui.dev-bot.y2tek.io/, name=y2teck, users=[admin/Shadab@123])&amp#27;[0m
&amp#27;[34m[Timeout details]: Timeout(implicit=320, explicit=500, poolingInterval=200, page=100)&amp#27;[0m
 ℹ &amp#27;[1;32m[OVERRIDDEN ARGUMENTS]:&amp#27;[0m

@home
Scenario: test as a Admin user         # src/test/java/com/bst/features/test.feature:4
2024-01-12 15:53:33.079  INFO 8904 --- [G-PoolService-0] i.g.bonigarcia.wdm.WebDriverManager      : Using chromedriver 120.0.6099.109 (resolved driver for Chrome 120)
2024-01-12 15:53:33.153  INFO 8904 --- [G-PoolService-0] i.g.bonigarcia.wdm.WebDriverManager      : Exporting webdriver.chrome.driver as C:\Users\Admin\.cache\selenium\chromedriver\win64\120.0.6099.109\chromedriver.exe
2024-01-12 15:53:35.431  INFO 8904 --- [ null to remote] o.o.selenium.remote.ProtocolHandshake    : Detected dialect: W3C
 ⚡ &amp#27;[1;33m[Starting scenario]: test as a Admin user&amp#27;[0m
&amp#27;[35mNavigating to: http://y2tek-ui.dev-bot.y2tek.io/&amp#27;[0m
&amp#27;[35mLooking for element: By.cssSelector: [class*='company-logo d-none']&amp#27;[0m
&amp#27;[35mElement By.cssSelector: [class*='company-logo d-none'] found&amp#27;[0m
2024-01-12 15:53:38.801  INFO 8904 --- [G-PoolService-0] com.bst.wait.ExplicitWait                : Waiting for element to be visible: [[ChromeDriver: chrome on WINDOWS (3142cb4c704877aebb34aa8a571e88e0)] -> css selector: [class*='company-logo d-none']]
2024-01-12 15:53:38.808  INFO 8904 --- [G-PoolService-0] com.bst.wait.ExplicitWait                : Waiting for invisibility of element: By.cssSelector: i.fa-spinner
2024-01-12 15:53:38.810  INFO 8904 --- [G-PoolService-0] com.bst.wait.ExplicitWait                : Implicit timeout is set to: 0
&amp#27;[35mLooking for element: By.cssSelector: i.fa-spinner&amp#27;[0m
2024-01-12 15:53:38.880  INFO 8904 --- [G-PoolService-0] com.bst.wait.ExplicitWait                : Implicit timeout is set to: 320
2024-01-12 15:53:38.889  INFO 8904 --- [G-PoolService-0] com.bst.wait.ExplicitWait                : Waiting for invisibility of element: By.cssSelector: .ag-overlay-loading-center
2024-01-12 15:53:38.889  INFO 8904 --- [G-PoolService-0] com.bst.wait.ExplicitWait                : Implicit timeout is set to: 0
&amp#27;[35mLooking for element: By.cssSelector: .ag-overlay-loading-center&amp#27;[0m
2024-01-12 15:53:38.927  INFO 8904 --- [G-PoolService-0] com.bst.wait.ExplicitWait                : Implicit timeout is set to: 320
2024-01-12 15:53:38.934  INFO 8904 --- [G-PoolService-0] com.bst.wait.ExplicitWait                : Waiting for invisibility of element: By.xpath: //*[@class='app-spinner']
2024-01-12 15:53:38.935  INFO 8904 --- [G-PoolService-0] com.bst.wait.ExplicitWait                : Implicit timeout is set to: 0
&amp#27;[35mLooking for element: By.xpath: //*[@class='app-spinner']&amp#27;[0m
2024-01-12 15:53:38.977  INFO 8904 --- [G-PoolService-0] com.bst.wait.ExplicitWait                : Implicit timeout is set to: 320
2024-01-12 15:53:39.017  INFO 8904 --- [G-PoolService-0] com.bst.wait.ExplicitWait                : Implicit timeout is set to: 0
&amp#27;[35mLooking for element: By.cssSelector: [class*='company-logo d-none']&amp#27;[0m
&amp#27;[35mElement By.cssSelector: [class*='company-logo d-none'] found&amp#27;[0m
2024-01-12 15:53:39.085  INFO 8904 --- [G-PoolService-0] com.bst.wait.ExplicitWait                : Implicit timeout is set to: 320
&amp#27;[35mLooking for element: By.name: username&amp#27;[0m
&amp#27;[35mElement By.name: username found&amp#27;[0m
2024-01-12 15:53:39.115  INFO 8904 --- [G-PoolService-0] com.bst.wait.ExplicitWait                : Waiting for element to be visible: [[ChromeDriver: chrome on WINDOWS (3142cb4c704877aebb34aa8a571e88e0)] -> name: username]
2024-01-12 15:53:39.115  INFO 8904 --- [G-PoolService-0] com.bst.wait.ExplicitWait                : Waiting for invisibility of element: By.cssSelector: i.fa-spinner
2024-01-12 15:53:39.115  INFO 8904 --- [G-PoolService-0] com.bst.wait.ExplicitWait                : Implicit timeout is set to: 0
&amp#27;[35mLooking for element: By.cssSelector: i.fa-spinner&amp#27;[0m
2024-01-12 15:53:39.142  INFO 8904 --- [G-PoolService-0] com.bst.wait.ExplicitWait                : Implicit timeout is set to: 320
2024-01-12 15:53:39.153  INFO 8904 --- [G-PoolService-0] com.bst.wait.ExplicitWait                : Waiting for invisibility of element: By.cssSelector: .ag-overlay-loading-center
2024-01-12 15:53:39.154  INFO 8904 --- [G-PoolService-0] com.bst.wait.ExplicitWait                : Implicit timeout is set to: 0
&amp#27;[35mLooking for element: By.cssSelector: .ag-overlay-loading-center&amp#27;[0m
2024-01-12 15:53:39.188  INFO 8904 --- [G-PoolService-0] com.bst.wait.ExplicitWait                : Implicit timeout is set to: 320
2024-01-12 15:53:39.200  INFO 8904 --- [G-PoolService-0] com.bst.wait.ExplicitWait                : Waiting for invisibility of element: By.xpath: //*[@class='app-spinner']
2024-01-12 15:53:39.200  INFO 8904 --- [G-PoolService-0] com.bst.wait.ExplicitWait                : Implicit timeout is set to: 0
&amp#27;[35mLooking for element: By.xpath: //*[@class='app-spinner']&amp#27;[0m
2024-01-12 15:53:39.237  INFO 8904 --- [G-PoolService-0] com.bst.wait.ExplicitWait                : Implicit timeout is set to: 320
2024-01-12 15:53:39.279  INFO 8904 --- [G-PoolService-0] com.bst.wait.ExplicitWait                : Implicit timeout is set to: 0
&amp#27;[35mLooking for element: By.name: username&amp#27;[0m
&amp#27;[35mElement By.name: username found&amp#27;[0m
2024-01-12 15:53:39.331  INFO 8904 --- [G-PoolService-0] com.bst.wait.ExplicitWait                : Implicit timeout is set to: 320
&amp#27;[35mLooking for element: By.name: username&amp#27;[0m
&amp#27;[35mElement By.name: username found&amp#27;[0m
2024-01-12 15:53:39.361  INFO 8904 --- [G-PoolService-0] com.bst.wait.ExplicitWait                : Waiting for element to be visible: [[ChromeDriver: chrome on WINDOWS (3142cb4c704877aebb34aa8a571e88e0)] -> name: username]
2024-01-12 15:53:39.361  INFO 8904 --- [G-PoolService-0] com.bst.wait.ExplicitWait                : Waiting for invisibility of element: By.cssSelector: i.fa-spinner
2024-01-12 15:53:39.361  INFO 8904 --- [G-PoolService-0] com.bst.wait.ExplicitWait                : Implicit timeout is set to: 0
&amp#27;[35mLooking for element: By.cssSelector: i.fa-spinner&amp#27;[0m
2024-01-12 15:53:39.391  INFO 8904 --- [G-PoolService-0] com.bst.wait.ExplicitWait                : Implicit timeout is set to: 320
2024-01-12 15:53:39.402  INFO 8904 --- [G-PoolService-0] com.bst.wait.ExplicitWait                : Waiting for invisibility of element: By.cssSelector: .ag-overlay-loading-center
2024-01-12 15:53:39.403  INFO 8904 --- [G-PoolService-0] com.bst.wait.ExplicitWait                : Implicit timeout is set to: 0
&amp#27;[35mLooking for element: By.cssSelector: .ag-overlay-loading-center&amp#27;[0m
2024-01-12 15:53:39.445  INFO 8904 --- [G-PoolService-0] com.bst.wait.ExplicitWait                : Implicit timeout is set to: 320
2024-01-12 15:53:39.450  INFO 8904 --- [G-PoolService-0] com.bst.wait.ExplicitWait                : Waiting for invisibility of element: By.xpath: //*[@class='app-spinner']
2024-01-12 15:53:39.450  INFO 8904 --- [G-PoolService-0] com.bst.wait.ExplicitWait                : Implicit timeout is set to: 0
&amp#27;[35mLooking for element: By.xpath: //*[@class='app-spinner']&amp#27;[0m
2024-01-12 15:53:39.489  INFO 8904 --- [G-PoolService-0] com.bst.wait.ExplicitWait                : Implicit timeout is set to: 320
2024-01-12 15:53:39.530  INFO 8904 --- [G-PoolService-0] com.bst.wait.ExplicitWait                : Implicit timeout is set to: 0
&amp#27;[35mLooking for element: By.name: username&amp#27;[0m
&amp#27;[35mElement By.name: username found&amp#27;[0m
2024-01-12 15:53:39.581  INFO 8904 --- [G-PoolService-0] com.bst.wait.ExplicitWait                : Implicit timeout is set to: 320
&amp#27;[35mLooking for element: By.name: username&amp#27;[0m
&amp#27;[35mElement By.name: username found&amp#27;[0m
&amp#27;[35mChanging value to: null in element: [[ChromeDriver: chrome on WINDOWS (3142cb4c704877aebb34aa8a571e88e0)] -> name: username]&amp#27;[0m
&amp#27;[35mLooking for element: By.name: username&amp#27;[0m
&amp#27;[35mElement By.name: username found&amp#27;[0m
&amp#27;[35mChanging value to: [admin] in element: [[ChromeDriver: chrome on WINDOWS (3142cb4c704877aebb34aa8a571e88e0)] -> name: username]&amp#27;[0m
&amp#27;[35mLooking for element: By.name: password&amp#27;[0m
&amp#27;[35mElement By.name: password found&amp#27;[0m
2024-01-12 15:53:39.929  INFO 8904 --- [G-PoolService-0] com.bst.wait.ExplicitWait                : Waiting for element to be visible: [[ChromeDriver: chrome on WINDOWS (3142cb4c704877aebb34aa8a571e88e0)] -> name: password]
2024-01-12 15:53:39.930  INFO 8904 --- [G-PoolService-0] com.bst.wait.ExplicitWait                : Waiting for invisibility of element: By.cssSelector: i.fa-spinner
2024-01-12 15:53:39.930  INFO 8904 --- [G-PoolService-0] com.bst.wait.ExplicitWait                : Implicit timeout is set to: 0
&amp#27;[35mLooking for element: By.cssSelector: i.fa-spinner&amp#27;[0m
2024-01-12 15:53:39.962  INFO 8904 --- [G-PoolService-0] com.bst.wait.ExplicitWait                : Implicit timeout is set to: 320
2024-01-12 15:53:39.967  INFO 8904 --- [G-PoolService-0] com.bst.wait.ExplicitWait                : Waiting for invisibility of element: By.cssSelector: .ag-overlay-loading-center
2024-01-12 15:53:39.967  INFO 8904 --- [G-PoolService-0] com.bst.wait.ExplicitWait                : Implicit timeout is set to: 0
&amp#27;[35mLooking for element: By.cssSelector: .ag-overlay-loading-center&amp#27;[0m
2024-01-12 15:53:40.010  INFO 8904 --- [G-PoolService-0] com.bst.wait.ExplicitWait                : Implicit timeout is set to: 320
2024-01-12 15:53:40.014  INFO 8904 --- [G-PoolService-0] com.bst.wait.ExplicitWait                : Waiting for invisibility of element: By.xpath: //*[@class='app-spinner']
2024-01-12 15:53:40.014  INFO 8904 --- [G-PoolService-0] com.bst.wait.ExplicitWait                : Implicit timeout is set to: 0
&amp#27;[35mLooking for element: By.xpath: //*[@class='app-spinner']&amp#27;[0m
2024-01-12 15:53:40.054  INFO 8904 --- [G-PoolService-0] com.bst.wait.ExplicitWait                : Implicit timeout is set to: 320
2024-01-12 15:53:40.096  INFO 8904 --- [G-PoolService-0] com.bst.wait.ExplicitWait                : Implicit timeout is set to: 0
&amp#27;[35mLooking for element: By.name: password&amp#27;[0m
&amp#27;[35mElement By.name: password found&amp#27;[0m
2024-01-12 15:53:40.147  INFO 8904 --- [G-PoolService-0] com.bst.wait.ExplicitWait                : Implicit timeout is set to: 320
&amp#27;[35mLooking for element: By.name: password&amp#27;[0m
&amp#27;[35mElement By.name: password found&amp#27;[0m
&amp#27;[35mChanging value to: null in element: [[ChromeDriver: chrome on WINDOWS (3142cb4c704877aebb34aa8a571e88e0)] -> name: password]&amp#27;[0m
&amp#27;[35mLooking for element: By.name: password&amp#27;[0m
&amp#27;[35mElement By.name: password found&amp#27;[0m
&amp#27;[35mChanging value to: [Shadab@123] in element: [[ChromeDriver: chrome on WINDOWS (3142cb4c704877aebb34aa8a571e88e0)] -> name: password]&amp#27;[0m
&amp#27;[35mLooking for element: By.cssSelector: [type='submit']&amp#27;[0m
&amp#27;[35mElement By.cssSelector: [type='submit'] found&amp#27;[0m
&amp#27;[35mClicking on element: [[ChromeDriver: chrome on WINDOWS (3142cb4c704877aebb34aa8a571e88e0)] -> css selector: [type='submit']]&amp#27;[0m
&amp#27;[35mElement: [[ChromeDriver: chrome on WINDOWS (3142cb4c704877aebb34aa8a571e88e0)] -> css selector: [type='submit']] has been clicked&amp#27;[0m
  Given Log in as Admin "admin" user   # com.bst.stepDefinitions.home.LoginPageSteps.logInAsUserNameUser(java.lang.String)
&amp#27;[35mLooking for element: By.cssSelector: [class*='forget-text']&amp#27;[0m
&amp#27;[35mElement By.cssSelector: [class*='forget-text'] found&amp#27;[0m
2024-01-12 15:53:40.793  INFO 8904 --- [G-PoolService-0] com.bst.wait.ExplicitWait                : Waiting for element to be visible: [[ChromeDriver: chrome on WINDOWS (3142cb4c704877aebb34aa8a571e88e0)] -> css selector: [class*='forget-text']]
2024-01-12 15:53:40.794  INFO 8904 --- [G-PoolService-0] com.bst.wait.ExplicitWait                : Waiting for invisibility of element: By.cssSelector: i.fa-spinner
2024-01-12 15:53:40.794  INFO 8904 --- [G-PoolService-0] com.bst.wait.ExplicitWait                : Implicit timeout is set to: 0
&amp#27;[35mLooking for element: By.cssSelector: i.fa-spinner&amp#27;[0m
2024-01-12 15:53:40.835  INFO 8904 --- [G-PoolService-0] com.bst.wait.ExplicitWait                : Implicit timeout is set to: 320
2024-01-12 15:53:40.841  INFO 8904 --- [G-PoolService-0] com.bst.wait.ExplicitWait                : Waiting for invisibility of element: By.cssSelector: .ag-overlay-loading-center
2024-01-12 15:53:40.842  INFO 8904 --- [G-PoolService-0] com.bst.wait.ExplicitWait                : Implicit timeout is set to: 0
&amp#27;[35mLooking for element: By.cssSelector: .ag-overlay-loading-center&amp#27;[0m
2024-01-12 15:53:40.881  INFO 8904 --- [G-PoolService-0] com.bst.wait.ExplicitWait                : Implicit timeout is set to: 320
2024-01-12 15:53:40.887  INFO 8904 --- [G-PoolService-0] com.bst.wait.ExplicitWait                : Waiting for invisibility of element: By.xpath: //*[@class='app-spinner']
2024-01-12 15:53:40.888  INFO 8904 --- [G-PoolService-0] com.bst.wait.ExplicitWait                : Implicit timeout is set to: 0
&amp#27;[35mLooking for element: By.xpath: //*[@class='app-spinner']&amp#27;[0m
2024-01-12 15:53:40.926  INFO 8904 --- [G-PoolService-0] com.bst.wait.ExplicitWait                : Implicit timeout is set to: 320
2024-01-12 15:53:40.968  INFO 8904 --- [G-PoolService-0] com.bst.wait.ExplicitWait                : Implicit timeout is set to: 0
&amp#27;[35mLooking for element: By.cssSelector: [class*='forget-text']&amp#27;[0m
&amp#27;[35mElement By.cssSelector: [class*='forget-text'] found&amp#27;[0m
2024-01-12 15:53:41.019  INFO 8904 --- [G-PoolService-0] com.bst.wait.ExplicitWait                : Implicit timeout is set to: 320
&amp#27;[35mLooking for element: By.cssSelector: [class*='forget-text']&amp#27;[0m
&amp#27;[35mElement By.cssSelector: [class*='forget-text'] found&amp#27;[0m
&amp#27;[35mClicking on element: [[ChromeDriver: chrome on WINDOWS (3142cb4c704877aebb34aa8a571e88e0)] -> css selector: [class*='forget-text']]&amp#27;[0m
&amp#27;[35mElement: [[ChromeDriver: chrome on WINDOWS (3142cb4c704877aebb34aa8a571e88e0)] -> css selector: [class*='forget-text']] has been clicked&amp#27;[0m
&amp#27;[35mLooking for element: By.cssSelector: button i.fa-cog&amp#27;[0m
2024-01-12 15:53:44.018  INFO 8904 --- [G-PoolService-0] com.bst.wait.ExplicitWait                : Waiting for element to be visible: Proxy element for: DefaultElementLocator 'By.cssSelector: button i.fa-cog'
2024-01-12 15:53:44.018  INFO 8904 --- [G-PoolService-0] com.bst.wait.ExplicitWait                : Waiting for invisibility of element: By.cssSelector: i.fa-spinner
2024-01-12 15:53:44.018  INFO 8904 --- [G-PoolService-0] com.bst.wait.ExplicitWait                : Implicit timeout is set to: 0
&amp#27;[35mLooking for element: By.cssSelector: i.fa-spinner&amp#27;[0m
&amp#27;[35mLooking for element: By.cssSelector: i.fa-spinner&amp#27;[0m
&amp#27;[35mLooking for element: By.cssSelector: i.fa-spinner&amp#27;[0m
&amp#27;[35mLooking for element: By.cssSelector: i.fa-spinner&amp#27;[0m
&amp#27;[35mLooking for element: By.cssSelector: i.fa-spinner&amp#27;[0m
&amp#27;[35mLooking for element: By.cssSelector: i.fa-spinner&amp#27;[0m
&amp#27;[35mLooking for element: By.cssSelector: i.fa-spinner&amp#27;[0m
&amp#27;[35mLooking for element: By.cssSelector: i.fa-spinner&amp#27;[0m
&amp#27;[35mLooking for element: By.cssSelector: i.fa-spinner&amp#27;[0m
&amp#27;[35mLooking for element: By.cssSelector: i.fa-spinner&amp#27;[0m
&amp#27;[35mLooking for element: By.cssSelector: i.fa-spinner&amp#27;[0m
&amp#27;[35mLooking for element: By.cssSelector: i.fa-spinner&amp#27;[0m
&amp#27;[35mLooking for element: By.cssSelector: i.fa-spinner&amp#27;[0m
&amp#27;[35mLooking for element: By.cssSelector: i.fa-spinner&amp#27;[0m
&amp#27;[35mLooking for element: By.cssSelector: i.fa-spinner&amp#27;[0m
&amp#27;[35mLooking for element: By.cssSelector: i.fa-spinner&amp#27;[0m
&amp#27;[35mLooking for element: By.cssSelector: i.fa-spinner&amp#27;[0m
&amp#27;[35mLooking for element: By.cssSelector: i.fa-spinner&amp#27;[0m
&amp#27;[35mLooking for element: By.cssSelector: i.fa-spinner&amp#27;[0m
&amp#27;[35mLooking for element: By.cssSelector: i.fa-spinner&amp#27;[0m
&amp#27;[35mLooking for element: By.cssSelector: i.fa-spinner&amp#27;[0m
&amp#27;[35mLooking for element: By.cssSelector: i.fa-spinner&amp#27;[0m
&amp#27;[35mLooking for element: By.cssSelector: i.fa-spinner&amp#27;[0m
&amp#27;[35mLooking for element: By.cssSelector: i.fa-spinner&amp#27;[0m
&amp#27;[35mLooking for element: By.cssSelector: i.fa-spinner&amp#27;[0m
&amp#27;[35mLooking for element: By.cssSelector: i.fa-spinner&amp#27;[0m
&amp#27;[35mLooking for element: By.cssSelector: i.fa-spinner&amp#27;[0m
&amp#27;[35mLooking for element: By.cssSelector: i.fa-spinner&amp#27;[0m
&amp#27;[35mLooking for element: By.cssSelector: i.fa-spinner&amp#27;[0m
&amp#27;[35mLooking for element: By.cssSelector: i.fa-spinner&amp#27;[0m
&amp#27;[35mLooking for element: By.cssSelector: i.fa-spinner&amp#27;[0m
&amp#27;[35mLooking for element: By.cssSelector: i.fa-spinner&amp#27;[0m
&amp#27;[35mLooking for element: By.cssSelector: i.fa-spinner&amp#27;[0m
&amp#27;[35mLooking for element: By.cssSelector: i.fa-spinner&amp#27;[0m
&amp#27;[35mLooking for element: By.cssSelector: i.fa-spinner&amp#27;[0m
&amp#27;[35mLooking for element: By.cssSelector: i.fa-spinner&amp#27;[0m
&amp#27;[35mLooking for element: By.cssSelector: i.fa-spinner&amp#27;[0m
&amp#27;[35mLooking for element: By.cssSelector: i.fa-spinner&amp#27;[0m
&amp#27;[35mLooking for element: By.cssSelector: i.fa-spinner&amp#27;[0m
&amp#27;[35mLooking for element: By.cssSelector: i.fa-spinner&amp#27;[0m
&amp#27;[35mLooking for element: By.cssSelector: i.fa-spinner&amp#27;[0m
&amp#27;[35mLooking for element: By.cssSelector: i.fa-spinner&amp#27;[0m
&amp#27;[35mLooking for element: By.cssSelector: i.fa-spinner&amp#27;[0m
&amp#27;[35mLooking for element: By.cssSelector: i.fa-spinner&amp#27;[0m
&amp#27;[35mLooking for element: By.cssSelector: i.fa-spinner&amp#27;[0m
&amp#27;[35mLooking for element: By.cssSelector: i.fa-spinner&amp#27;[0m
&amp#27;[35mLooking for element: By.cssSelector: i.fa-spinner&amp#27;[0m
&amp#27;[35mLooking for element: By.cssSelector: i.fa-spinner&amp#27;[0m
&amp#27;[35mLooking for element: By.cssSelector: i.fa-spinner&amp#27;[0m
&amp#27;[35mLooking for element: By.cssSelector: i.fa-spinner&amp#27;[0m
&amp#27;[35mLooking for element: By.cssSelector: i.fa-spinner&amp#27;[0m
&amp#27;[35mLooking for element: By.cssSelector: i.fa-spinner&amp#27;[0m
&amp#27;[35mLooking for element: By.cssSelector: i.fa-spinner&amp#27;[0m
&amp#27;[35mLooking for element: By.cssSelector: i.fa-spinner&amp#27;[0m
&amp#27;[35mLooking for element: By.cssSelector: i.fa-spinner&amp#27;[0m
&amp#27;[35mLooking for element: By.cssSelector: i.fa-spinner&amp#27;[0m
&amp#27;[35mLooking for element: By.cssSelector: i.fa-spinner&amp#27;[0m
&amp#27;[35mLooking for element: By.cssSelector: i.fa-spinner&amp#27;[0m
&amp#27;[35mLooking for element: By.cssSelector: i.fa-spinner&amp#27;[0m
&amp#27;[35mLooking for element: By.cssSelector: i.fa-spinner&amp#27;[0m
&amp#27;[35mLooking for element: By.cssSelector: i.fa-spinner&amp#27;[0m
&amp#27;[35mLooking for element: By.cssSelector: i.fa-spinner&amp#27;[0m
&amp#27;[35mLooking for element: By.cssSelector: i.fa-spinner&amp#27;[0m
&amp#27;[35mLooking for element: By.cssSelector: i.fa-spinner&amp#27;[0m
&amp#27;[35mLooking for element: By.cssSelector: i.fa-spinner&amp#27;[0m
&amp#27;[35mLooking for element: By.cssSelector: i.fa-spinner&amp#27;[0m
&amp#27;[35mLooking for element: By.cssSelector: i.fa-spinner&amp#27;[0m
&amp#27;[35mLooking for element: By.cssSelector: i.fa-spinner&amp#27;[0m
&amp#27;[35mLooking for element: By.cssSelector: i.fa-spinner&amp#27;[0m
&amp#27;[35mLooking for element: By.cssSelector: i.fa-spinner&amp#27;[0m
&amp#27;[35mLooking for element: By.cssSelector: i.fa-spinner&amp#27;[0m
&amp#27;[35mLooking for element: By.cssSelector: i.fa-spinner&amp#27;[0m
&amp#27;[35mLooking for element: By.cssSelector: i.fa-spinner&amp#27;[0m
&amp#27;[35mLooking for element: By.cssSelector: i.fa-spinner&amp#27;[0m
&amp#27;[35mLooking for element: By.cssSelector: i.fa-spinner&amp#27;[0m
&amp#27;[35mLooking for element: By.cssSelector: i.fa-spinner&amp#27;[0m
&amp#27;[35mLooking for element: By.cssSelector: i.fa-spinner&amp#27;[0m
&amp#27;[35mLooking for element: By.cssSelector: i.fa-spinner&amp#27;[0m
&amp#27;[35mLooking for element: By.cssSelector: i.fa-spinner&amp#27;[0m
&amp#27;[35mLooking for element: By.cssSelector: i.fa-spinner&amp#27;[0m
&amp#27;[35mLooking for element: By.cssSelector: i.fa-spinner&amp#27;[0m
&amp#27;[35mLooking for element: By.cssSelector: i.fa-spinner&amp#27;[0m
&amp#27;[35mLooking for element: By.cssSelector: i.fa-spinner&amp#27;[0m
&amp#27;[35mLooking for element: By.cssSelector: i.fa-spinner&amp#27;[0m
&amp#27;[35mLooking for element: By.cssSelector: i.fa-spinner&amp#27;[0m
&amp#27;[35mLooking for element: By.cssSelector: i.fa-spinner&amp#27;[0m
&amp#27;[35mLooking for element: By.cssSelector: i.fa-spinner&amp#27;[0m
&amp#27;[35mLooking for element: By.cssSelector: i.fa-spinner&amp#27;[0m
&amp#27;[35mLooking for element: By.cssSelector: i.fa-spinner&amp#27;[0m
&amp#27;[35mLooking for element: By.cssSelector: i.fa-spinner&amp#27;[0m
&amp#27;[35mLooking for element: By.cssSelector: i.fa-spinner&amp#27;[0m
&amp#27;[35mLooking for element: By.cssSelector: i.fa-spinner&amp#27;[0m
&amp#27;[35mLooking for element: By.cssSelector: i.fa-spinner&amp#27;[0m
&amp#27;[35mLooking for element: By.cssSelector: i.fa-spinner&amp#27;[0m
&amp#27;[35mLooking for element: By.cssSelector: i.fa-spinner&amp#27;[0m
&amp#27;[35mLooking for element: By.cssSelector: i.fa-spinner&amp#27;[0m
&amp#27;[35mLooking for element: By.cssSelector: i.fa-spinner&amp#27;[0m
&amp#27;[35mLooking for element: By.cssSelector: i.fa-spinner&amp#27;[0m
&amp#27;[35mLooking for element: By.cssSelector: i.fa-spinner&amp#27;[0m
&amp#27;[35mLooking for element: By.cssSelector: i.fa-spinner&amp#27;[0m
&amp#27;[35mLooking for element: By.cssSelector: i.fa-spinner&amp#27;[0m
&amp#27;[35mLooking for element: By.cssSelector: i.fa-spinner&amp#27;[0m
&amp#27;[35mLooking for element: By.cssSelector: i.fa-spinner&amp#27;[0m
&amp#27;[35mLooking for element: By.cssSelector: i.fa-spinner&amp#27;[0m
&amp#27;[35mLooking for element: By.cssSelector: i.fa-spinner&amp#27;[0m
&amp#27;[35mLooking for element: By.cssSelector: i.fa-spinner&amp#27;[0m
&amp#27;[35mLooking for element: By.cssSelector: i.fa-spinner&amp#27;[0m
&amp#27;[35mLooking for element: By.cssSelector: i.fa-spinner&amp#27;[0m
&amp#27;[35mLooking for element: By.cssSelector: i.fa-spinner&amp#27;[0m
&amp#27;[35mLooking for element: By.cssSelector: i.fa-spinner&amp#27;[0m
&amp#27;[35mLooking for element: By.cssSelector: i.fa-spinner&amp#27;[0m
&amp#27;[35mLooking for element: By.cssSelector: i.fa-spinner&amp#27;[0m
&amp#27;[35mLooking for element: By.cssSelector: i.fa-spinner&amp#27;[0m
&amp#27;[35mLooking for element: By.cssSelector: i.fa-spinner&amp#27;[0m
&amp#27;[35mLooking for element: By.cssSelector: i.fa-spinner&amp#27;[0m
&amp#27;[35mLooking for element: By.cssSelector: i.fa-spinner&amp#27;[0m
&amp#27;[35mLooking for element: By.cssSelector: i.fa-spinner&amp#27;[0m
&amp#27;[35mLooking for element: By.cssSelector: i.fa-spinner&amp#27;[0m
&amp#27;[35mLooking for element: By.cssSelector: i.fa-spinner&amp#27;[0m
&amp#27;[35mLooking for element: By.cssSelector: i.fa-spinner&amp#27;[0m
&amp#27;[35mLooking for element: By.cssSelector: i.fa-spinner&amp#27;[0m
&amp#27;[35mLooking for element: By.cssSelector: i.fa-spinner&amp#27;[0m
&amp#27;[35mLooking for element: By.cssSelector: i.fa-spinner&amp#27;[0m
&amp#27;[35mLooking for element: By.cssSelector: i.fa-spinner&amp#27;[0m
&amp#27;[35mLooking for element: By.cssSelector: i.fa-spinner&amp#27;[0m
&amp#27;[35mLooking for element: By.cssSelector: i.fa-spinner&amp#27;[0m
&amp#27;[35mLooking for element: By.cssSelector: i.fa-spinner&amp#27;[0m
&amp#27;[35mLooking for element: By.cssSelector: i.fa-spinner&amp#27;[0m
&amp#27;[35mLooking for element: By.cssSelector: i.fa-spinner&amp#27;[0m
&amp#27;[35mLooking for element: By.cssSelector: i.fa-spinner&amp#27;[0m
&amp#27;[35mLooking for element: By.cssSelector: i.fa-spinner&amp#27;[0m
&amp#27;[35mLooking for element: By.cssSelector: i.fa-spinner&amp#27;[0m
&amp#27;[35mLooking for element: By.cssSelector: i.fa-spinner&amp#27;[0m
&amp#27;[35mLooking for element: By.cssSelector: i.fa-spinner&amp#27;[0m
&amp#27;[35mLooking for element: By.cssSelector: i.fa-spinner&amp#27;[0m
&amp#27;[35mLooking for element: By.cssSelector: i.fa-spinner&amp#27;[0m
&amp#27;[35mLooking for element: By.cssSelector: i.fa-spinner&amp#27;[0m
&amp#27;[35mLooking for element: By.cssSelector: i.fa-spinner&amp#27;[0m
&amp#27;[35mLooking for element: By.cssSelector: i.fa-spinner&amp#27;[0m
&amp#27;[35mLooking for element: By.cssSelector: i.fa-spinner&amp#27;[0m
&amp#27;[35mLooking for element: By.cssSelector: i.fa-spinner&amp#27;[0m
&amp#27;[35mLooking for element: By.cssSelector: i.fa-spinner&amp#27;[0m
&amp#27;[35mLooking for element: By.cssSelector: i.fa-spinner&amp#27;[0m
&amp#27;[35mLooking for element: By.cssSelector: i.fa-spinner&amp#27;[0m
&amp#27;[35mLooking for element: By.cssSelector: i.fa-spinner&amp#27;[0m
&amp#27;[35mLooking for element: By.cssSelector: i.fa-spinner&amp#27;[0m
&amp#27;[35mLooking for element: By.cssSelector: i.fa-spinner&amp#27;[0m
&amp#27;[35mLooking for element: By.cssSelector: i.fa-spinner&amp#27;[0m
&amp#27;[35mLooking for element: By.cssSelector: i.fa-spinner&amp#27;[0m
&amp#27;[35mLooking for element: By.cssSelector: i.fa-spinner&amp#27;[0m
&amp#27;[35mLooking for element: By.cssSelector: i.fa-spinner&amp#27;[0m
&amp#27;[35mLooking for element: By.cssSelector: i.fa-spinner&amp#27;[0m
&amp#27;[35mLooking for element: By.cssSelector: i.fa-spinner&amp#27;[0m
&amp#27;[35mLooking for element: By.cssSelector: i.fa-spinner&amp#27;[0m
&amp#27;[35mLooking for element: By.cssSelector: i.fa-spinner&amp#27;[0m
&amp#27;[35mLooking for element: By.cssSelector: i.fa-spinner&amp#27;[0m
&amp#27;[35mLooking for element: By.cssSelector: i.fa-spinner&amp#27;[0m
&amp#27;[35mLooking for element: By.cssSelector: i.fa-spinner&amp#27;[0m
&amp#27;[35mLooking for element: By.cssSelector: i.fa-spinner&amp#27;[0m
&amp#27;[35mLooking for element: By.cssSelector: i.fa-spinner&amp#27;[0m
&amp#27;[35mLooking for element: By.cssSelector: i.fa-spinner&amp#27;[0m
&amp#27;[35mLooking for element: By.cssSelector: i.fa-spinner&amp#27;[0m
&amp#27;[35mLooking for element: By.cssSelector: i.fa-spinner&amp#27;[0m
&amp#27;[35mLooking for element: By.cssSelector: i.fa-spinner&amp#27;[0m
&amp#27;[35mLooking for element: By.cssSelector: i.fa-spinner&amp#27;[0m
&amp#27;[35mLooking for element: By.cssSelector: i.fa-spinner&amp#27;[0m
&amp#27;[35mLooking for element: By.cssSelector: i.fa-spinner&amp#27;[0m
&amp#27;[35mLooking for element: By.cssSelector: i.fa-spinner&amp#27;[0m
&amp#27;[35mLooking for element: By.cssSelector: i.fa-spinner&amp#27;[0m
&amp#27;[35mLooking for element: By.cssSelector: i.fa-spinner&amp#27;[0m
&amp#27;[35mLooking for element: By.cssSelector: i.fa-spinner&amp#27;[0m
&amp#27;[35mLooking for element: By.cssSelector: i.fa-spinner&amp#27;[0m
&amp#27;[35mLooking for element: By.cssSelector: i.fa-spinner&amp#27;[0m
&amp#27;[35mLooking for element: By.cssSelector: i.fa-spinner&amp#27;[0m
&amp#27;[35mLooking for element: By.cssSelector: i.fa-spinner&amp#27;[0m
&amp#27;[35mLooking for element: By.cssSelector: i.fa-spinner&amp#27;[0m
&amp#27;[35mLooking for element: By.cssSelector: i.fa-spinner&amp#27;[0m
&amp#27;[35mLooking for element: By.cssSelector: i.fa-spinner&amp#27;[0m
&amp#27;[35mLooking for element: By.cssSelector: i.fa-spinner&amp#27;[0m
&amp#27;[35mLooking for element: By.cssSelector: i.fa-spinner&amp#27;[0m
&amp#27;[35mLooking for element: By.cssSelector: i.fa-spinner&amp#27;[0m
&amp#27;[35mLooking for element: By.cssSelector: i.fa-spinner&amp#27;[0m
&amp#27;[35mLooking for element: By.cssSelector: i.fa-spinner&amp#27;[0m
&amp#27;[35mLooking for element: By.cssSelector: i.fa-spinner&amp#27;[0m
&amp#27;[35mLooking for element: By.cssSelector: i.fa-spinner&amp#27;[0m
&amp#27;[35mLooking for element: By.cssSelector: i.fa-spinner&amp#27;[0m
&amp#27;[35mLooking for element: By.cssSelector: i.fa-spinner&amp#27;[0m
&amp#27;[35mLooking for element: By.cssSelector: i.fa-spinner&amp#27;[0m
&amp#27;[35mLooking for element: By.cssSelector: i.fa-spinner&amp#27;[0m
&amp#27;[35mLooking for element: By.cssSelector: i.fa-spinner&amp#27;[0m
&amp#27;[35mLooking for element: By.cssSelector: i.fa-spinner&amp#27;[0m
&amp#27;[35mLooking for element: By.cssSelector: i.fa-spinner&amp#27;[0m
&amp#27;[35mLooking for element: By.cssSelector: i.fa-spinner&amp#27;[0m
&amp#27;[35mLooking for element: By.cssSelector: i.fa-spinner&amp#27;[0m
&amp#27;[35mLooking for element: By.cssSelector: i.fa-spinner&amp#27;[0m
&amp#27;[35mLooking for element: By.cssSelector: i.fa-spinner&amp#27;[0m
&amp#27;[35mLooking for element: By.cssSelector: i.fa-spinner&amp#27;[0m
&amp#27;[35mLooking for element: By.cssSelector: i.fa-spinner&amp#27;[0m
&amp#27;[35mLooking for element: By.cssSelector: i.fa-spinner&amp#27;[0m
&amp#27;[35mLooking for element: By.cssSelector: i.fa-spinner&amp#27;[0m
&amp#27;[35mLooking for element: By.cssSelector: i.fa-spinner&amp#27;[0m
&amp#27;[35mLooking for element: By.cssSelector: i.fa-spinner&amp#27;[0m
&amp#27;[35mLooking for element: By.cssSelector: i.fa-spinner&amp#27;[0m
&amp#27;[35mLooking for element: By.cssSelector: i.fa-spinner&amp#27;[0m
&amp#27;[35mLooking for element: By.cssSelector: i.fa-spinner&amp#27;[0m
&amp#27;[35mLooking for element: By.cssSelector: i.fa-spinner&amp#27;[0m
&amp#27;[35mLooking for element: By.cssSelector: i.fa-spinner&amp#27;[0m
&amp#27;[35mLooking for element: By.cssSelector: i.fa-spinner&amp#27;[0m
&amp#27;[35mLooking for element: By.cssSelector: i.fa-spinner&amp#27;[0m
&amp#27;[35mLooking for element: By.cssSelector: i.fa-spinner&amp#27;[0m
&amp#27;[35mLooking for element: By.cssSelector: i.fa-spinner&amp#27;[0m
&amp#27;[35mLooking for element: By.cssSelector: i.fa-spinner&amp#27;[0m
&amp#27;[35mLooking for element: By.cssSelector: i.fa-spinner&amp#27;[0m
&amp#27;[35mLooking for element: By.cssSelector: i.fa-spinner&amp#27;[0m
&amp#27;[35mLooking for element: By.cssSelector: i.fa-spinner&amp#27;[0m
&amp#27;[35mLooking for element: By.cssSelector: i.fa-spinner&amp#27;[0m
&amp#27;[35mLooking for element: By.cssSelector: i.fa-spinner&amp#27;[0m
&amp#27;[35mLooking for element: By.cssSelector: i.fa-spinner&amp#27;[0m
&amp#27;[35mLooking for element: By.cssSelector: i.fa-spinner&amp#27;[0m
&amp#27;[35mLooking for element: By.cssSelector: i.fa-spinner&amp#27;[0m
&amp#27;[35mLooking for element: By.cssSelector: i.fa-spinner&amp#27;[0m
&amp#27;[35mLooking for element: By.cssSelector: i.fa-spinner&amp#27;[0m
&amp#27;[35mLooking for element: By.cssSelector: i.fa-spinner&amp#27;[0m
&amp#27;[35mLooking for element: By.cssSelector: i.fa-spinner&amp#27;[0m
&amp#27;[35mLooking for element: By.cssSelector: i.fa-spinner&amp#27;[0m
&amp#27;[35mLooking for element: By.cssSelector: i.fa-spinner&amp#27;[0m
&amp#27;[35mLooking for element: By.cssSelector: i.fa-spinner&amp#27;[0m
&amp#27;[35mLooking for element: By.cssSelector: i.fa-spinner&amp#27;[0m
&amp#27;[35mLooking for element: By.cssSelector: i.fa-spinner&amp#27;[0m
&amp#27;[35mLooking for element: By.cssSelector: i.fa-spinner&amp#27;[0m
&amp#27;[35mLooking for element: By.cssSelector: i.fa-spinner&amp#27;[0m
&amp#27;[35mLooking for element: By.cssSelector: i.fa-spinner&amp#27;[0m
&amp#27;[35mLooking for element: By.cssSelector: i.fa-spinner&amp#27;[0m
&amp#27;[35mLooking for element: By.cssSelector: i.fa-spinner&amp#27;[0m
&amp#27;[35mLooking for element: By.cssSelector: i.fa-spinner&amp#27;[0m
&amp#27;[35mLooking for element: By.cssSelector: i.fa-spinner&amp#27;[0m
&amp#27;[35mLooking for element: By.cssSelector: i.fa-spinner&amp#27;[0m
&amp#27;[35mLooking for element: By.cssSelector: i.fa-spinner&amp#27;[0m
&amp#27;[35mLooking for element: By.cssSelector: i.fa-spinner&amp#27;[0m
&amp#27;[35mLooking for element: By.cssSelector: i.fa-spinner&amp#27;[0m
&amp#27;[35mLooking for element: By.cssSelector: i.fa-spinner&amp#27;[0m
&amp#27;[35mLooking for element: By.cssSelector: i.fa-spinner&amp#27;[0m
&amp#27;[35mLooking for element: By.cssSelector: i.fa-spinner&amp#27;[0m
&amp#27;[35mLooking for element: By.cssSelector: i.fa-spinner&amp#27;[0m
&amp#27;[35mLooking for element: By.cssSelector: i.fa-spinner&amp#27;[0m
&amp#27;[35mLooking for element: By.cssSelector: i.fa-spinner&amp#27;[0m
&amp#27;[35mLooking for element: By.cssSelector: i.fa-spinner&amp#27;[0m
&amp#27;[35mLooking for element: By.cssSelector: i.fa-spinner&amp#27;[0m
&amp#27;[35mLooking for element: By.cssSelector: i.fa-spinner&amp#27;[0m
&amp#27;[35mLooking for element: By.cssSelector: i.fa-spinner&amp#27;[0m
&amp#27;[35mLooking for element: By.cssSelector: i.fa-spinner&amp#27;[0m
&amp#27;[35mLooking for element: By.cssSelector: i.fa-spinner&amp#27;[0m
&amp#27;[35mLooking for element: By.cssSelector: i.fa-spinner&amp#27;[0m
&amp#27;[35mLooking for element: By.cssSelector: i.fa-spinner&amp#27;[0m
&amp#27;[35mLooking for element: By.cssSelector: i.fa-spinner&amp#27;[0m
&amp#27;[35mLooking for element: By.cssSelector: i.fa-spinner&amp#27;[0m
&amp#27;[35mLooking for element: By.cssSelector: i.fa-spinner&amp#27;[0m
&amp#27;[35mLooking for element: By.cssSelector: i.fa-spinner&amp#27;[0m
&amp#27;[35mLooking for element: By.cssSelector: i.fa-spinner&amp#27;[0m
&amp#27;[35mLooking for element: By.cssSelector: i.fa-spinner&amp#27;[0m
&amp#27;[35mLooking for element: By.cssSelector: i.fa-spinner&amp#27;[0m
&amp#27;[35mLooking for element: By.cssSelector: i.fa-spinner&amp#27;[0m
&amp#27;[35mLooking for element: By.cssSelector: i.fa-spinner&amp#27;[0m
&amp#27;[35mLooking for element: By.cssSelector: i.fa-spinner&amp#27;[0m
&amp#27;[35mLooking for element: By.cssSelector: i.fa-spinner&amp#27;[0m
&amp#27;[35mLooking for element: By.cssSelector: i.fa-spinner&amp#27;[0m
&amp#27;[35mLooking for element: By.cssSelector: i.fa-spinner&amp#27;[0m
&amp#27;[35mLooking for element: By.cssSelector: i.fa-spinner&amp#27;[0m
&amp#27;[35mLooking for element: By.cssSelector: i.fa-spinner&amp#27;[0m
&amp#27;[35mLooking for element: By.cssSelector: i.fa-spinner&amp#27;[0m
&amp#27;[35mLooking for element: By.cssSelector: i.fa-spinner&amp#27;[0m
&amp#27;[35mLooking for element: By.cssSelector: i.fa-spinner&amp#27;[0m
&amp#27;[35mLooking for element: By.cssSelector: i.fa-spinner&amp#27;[0m
&amp#27;[35mLooking for element: By.cssSelector: i.fa-spinner&amp#27;[0m
&amp#27;[35mLooking for element: By.cssSelector: i.fa-spinner&amp#27;[0m
&amp#27;[35mLooking for element: By.cssSelector: i.fa-spinner&amp#27;[0m
&amp#27;[35mLooking for element: By.cssSelector: i.fa-spinner&amp#27;[0m
&amp#27;[35mLooking for element: By.cssSelector: i.fa-spinner&amp#27;[0m
&amp#27;[35mLooking for element: By.cssSelector: i.fa-spinner&amp#27;[0m
&amp#27;[35mLooking for element: By.cssSelector: i.fa-spinner&amp#27;[0m
&amp#27;[35mLooking for element: By.cssSelector: i.fa-spinner&amp#27;[0m
&amp#27;[35mLooking for element: By.cssSelector: i.fa-spinner&amp#27;[0m
&amp#27;[35mLooking for element: By.cssSelector: i.fa-spinner&amp#27;[0m
&amp#27;[35mLooking for element: By.cssSelector: i.fa-spinner&amp#27;[0m
&amp#27;[35mLooking for element: By.cssSelector: i.fa-spinner&amp#27;[0m
&amp#27;[35mLooking for element: By.cssSelector: i.fa-spinner&amp#27;[0m
&amp#27;[35mLooking for element: By.cssSelector: i.fa-spinner&amp#27;[0m
&amp#27;[35mLooking for element: By.cssSelector: i.fa-spinner&amp#27;[0m
&amp#27;[35mLooking for element: By.cssSelector: i.fa-spinner&amp#27;[0m
&amp#27;[35mLooking for element: By.cssSelector: i.fa-spinner&amp#27;[0m
&amp#27;[35mLooking for element: By.cssSelector: i.fa-spinner&amp#27;[0m
&amp#27;[35mLooking for element: By.cssSelector: i.fa-spinner&amp#27;[0m
&amp#27;[35mLooking for element: By.cssSelector: i.fa-spinner&amp#27;[0m
&amp#27;[35mLooking for element: By.cssSelector: i.fa-spinner&amp#27;[0m
&amp#27;[35mLooking for element: By.cssSelector: i.fa-spinner&amp#27;[0m
&amp#27;[35mLooking for element: By.cssSelector: i.fa-spinner&amp#27;[0m
&amp#27;[35mLooking for element: By.cssSelector: i.fa-spinner&amp#27;[0m
&amp#27;[35mLooking for element: By.cssSelector: i.fa-spinner&amp#27;[0m
&amp#27;[35mLooking for element: By.cssSelector: i.fa-spinner&amp#27;[0m
&amp#27;[35mLooking for element: By.cssSelector: i.fa-spinner&amp#27;[0m
&amp#27;[35mLooking for element: By.cssSelector: i.fa-spinner&amp#27;[0m
&amp#27;[35mLooking for element: By.cssSelector: i.fa-spinner&amp#27;[0m
&amp#27;[35mLooking for element: By.cssSelector: i.fa-spinner&amp#27;[0m
&amp#27;[35mLooking for element: By.cssSelector: i.fa-spinner&amp#27;[0m
&amp#27;[35mLooking for element: By.cssSelector: i.fa-spinner&amp#27;[0m
&amp#27;[35mLooking for element: By.cssSelector: i.fa-spinner&amp#27;[0m
&amp#27;[35mLooking for element: By.cssSelector: i.fa-spinner&amp#27;[0m
&amp#27;[35mLooking for element: By.cssSelector: i.fa-spinner&amp#27;[0m
&amp#27;[35mLooking for element: By.cssSelector: i.fa-spinner&amp#27;[0m
&amp#27;[35mLooking for element: By.cssSelector: i.fa-spinner&amp#27;[0m
&amp#27;[35mLooking for element: By.cssSelector: i.fa-spinner&amp#27;[0m
&amp#27;[35mLooking for element: By.cssSelector: i.fa-spinner&amp#27;[0m
&amp#27;[35mLooking for element: By.cssSelector: i.fa-spinner&amp#27;[0m
&amp#27;[35mLooking for element: By.cssSelector: i.fa-spinner&amp#27;[0m
&amp#27;[35mLooking for element: By.cssSelector: i.fa-spinner&amp#27;[0m
&amp#27;[35mLooking for element: By.cssSelector: i.fa-spinner&amp#27;[0m
&amp#27;[35mLooking for element: By.cssSelector: i.fa-spinner&amp#27;[0m
&amp#27;[35mLooking for element: By.cssSelector: i.fa-spinner&amp#27;[0m
&amp#27;[35mLooking for element: By.cssSelector: i.fa-spinner&amp#27;[0m
&amp#27;[35mLooking for element: By.cssSelector: i.fa-spinner&amp#27;[0m
&amp#27;[35mLooking for element: By.cssSelector: i.fa-spinner&amp#27;[0m
&amp#27;[35mLooking for element: By.cssSelector: i.fa-spinner&amp#27;[0m
&amp#27;[35mLooking for element: By.cssSelector: i.fa-spinner&amp#27;[0m
&amp#27;[35mLooking for element: By.cssSelector: i.fa-spinner&amp#27;[0m
&amp#27;[35mLooking for element: By.cssSelector: i.fa-spinner&amp#27;[0m
&amp#27;[35mLooking for element: By.cssSelector: i.fa-spinner&amp#27;[0m
&amp#27;[35mLooking for element: By.cssSelector: i.fa-spinner&amp#27;[0m
&amp#27;[35mLooking for element: By.cssSelector: i.fa-spinner&amp#27;[0m
&amp#27;[35mLooking for element: By.cssSelector: i.fa-spinner&amp#27;[0m
&amp#27;[35mLooking for element: By.cssSelector: i.fa-spinner&amp#27;[0m
&amp#27;[35mLooking for element: By.cssSelector: i.fa-spinner&amp#27;[0m
&amp#27;[35mLooking for element: By.cssSelector: i.fa-spinner&amp#27;[0m
&amp#27;[35mLooking for element: By.cssSelector: i.fa-spinner&amp#27;[0m
&amp#27;[35mLooking for element: By.cssSelector: i.fa-spinner&amp#27;[0m
&amp#27;[35mLooking for element: By.cssSelector: i.fa-spinner&amp#27;[0m
&amp#27;[35mLooking for element: By.cssSelector: i.fa-spinner&amp#27;[0m
&amp#27;[35mLooking for element: By.cssSelector: i.fa-spinner&amp#27;[0m
&amp#27;[35mLooking for element: By.cssSelector: i.fa-spinner&amp#27;[0m
&amp#27;[35mLooking for element: By.cssSelector: i.fa-spinner&amp#27;[0m
&amp#27;[35mLooking for element: By.cssSelector: i.fa-spinner&amp#27;[0m
&amp#27;[35mLooking for element: By.cssSelector: i.fa-spinner&amp#27;[0m
&amp#27;[35mLooking for element: By.cssSelector: i.fa-spinner&amp#27;[0m
&amp#27;[35mLooking for element: By.cssSelector: i.fa-spinner&amp#27;[0m
&amp#27;[35mLooking for element: By.cssSelector: i.fa-spinner&amp#27;[0m
&amp#27;[35mLooking for element: By.cssSelector: i.fa-spinner&amp#27;[0m
&amp#27;[35mLooking for element: By.cssSelector: i.fa-spinner&amp#27;[0m
&amp#27;[35mLooking for element: By.cssSelector: i.fa-spinner&amp#27;[0m
&amp#27;[35mLooking for element: By.cssSelector: i.fa-spinner&amp#27;[0m
&amp#27;[35mLooking for element: By.cssSelector: i.fa-spinner&amp#27;[0m
&amp#27;[35mLooking for element: By.cssSelector: i.fa-spinner&amp#27;[0m
&amp#27;[35mLooking for element: By.cssSelector: i.fa-spinner&amp#27;[0m
&amp#27;[35mLooking for element: By.cssSelector: i.fa-spinner&amp#27;[0m
&amp#27;[35mLooking for element: By.cssSelector: i.fa-spinner&amp#27;[0m
&amp#27;[35mLooking for element: By.cssSelector: i.fa-spinner&amp#27;[0m
&amp#27;[35mLooking for element: By.cssSelector: i.fa-spinner&amp#27;[0m
&amp#27;[35mLooking for element: By.cssSelector: i.fa-spinner&amp#27;[0m
&amp#27;[35mLooking for element: By.cssSelector: i.fa-spinner&amp#27;[0m
&amp#27;[35mLooking for element: By.cssSelector: i.fa-spinner&amp#27;[0m
&amp#27;[35mLooking for element: By.cssSelector: i.fa-spinner&amp#27;[0m
&amp#27;[35mLooking for element: By.cssSelector: i.fa-spinner&amp#27;[0m
&amp#27;[35mLooking for element: By.cssSelector: i.fa-spinner&amp#27;[0m
&amp#27;[35mLooking for element: By.cssSelector: i.fa-spinner&amp#27;[0m
&amp#27;[35mLooking for element: By.cssSelector: i.fa-spinner&amp#27;[0m
&amp#27;[35mLooking for element: By.cssSelector: i.fa-spinner&amp#27;[0m
&amp#27;[35mLooking for element: By.cssSelector: i.fa-spinner&amp#27;[0m
&amp#27;[35mLooking for element: By.cssSelector: i.fa-spinner&amp#27;[0m
&amp#27;[35mLooking for element: By.cssSelector: i.fa-spinner&amp#27;[0m
&amp#27;[35mLooking for element: By.cssSelector: i.fa-spinner&amp#27;[0m
&amp#27;[35mLooking for element: By.cssSelector: i.fa-spinner&amp#27;[0m
&amp#27;[35mLooking for element: By.cssSelector: i.fa-spinner&amp#27;[0m
&amp#27;[35mLooking for element: By.cssSelector: i.fa-spinner&amp#27;[0m
&amp#27;[35mLooking for element: By.cssSelector: i.fa-spinner&amp#27;[0m
&amp#27;[35mLooking for element: By.cssSelector: i.fa-spinner&amp#27;[0m
&amp#27;[35mLooking for element: By.cssSelector: i.fa-spinner&amp#27;[0m
&amp#27;[35mLooking for element: By.cssSelector: i.fa-spinner&amp#27;[0m
&amp#27;[35mLooking for element: By.cssSelector: i.fa-spinner&amp#27;[0m
&amp#27;[35mLooking for element: By.cssSelector: i.fa-spinner&amp#27;[0m
&amp#27;[35mLooking for element: By.cssSelector: i.fa-spinner&amp#27;[0m
&amp#27;[35mLooking for element: By.cssSelector: i.fa-spinner&amp#27;[0m
&amp#27;[35mLooking for element: By.cssSelector: i.fa-spinner&amp#27;[0m
&amp#27;[35mLooking for element: By.cssSelector: i.fa-spinner&amp#27;[0m
&amp#27;[35mLooking for element: By.cssSelector: i.fa-spinner&amp#27;[0m
&amp#27;[35mLooking for element: By.cssSelector: i.fa-spinner&amp#27;[0m
&amp#27;[35mLooking for element: By.cssSelector: i.fa-spinner&amp#27;[0m
&amp#27;[35mLooking for element: By.cssSelector: i.fa-spinner&amp#27;[0m
&amp#27;[35mLooking for element: By.cssSelector: i.fa-spinner&amp#27;[0m
&amp#27;[35mLooking for element: By.cssSelector: i.fa-spinner&amp#27;[0m
&amp#27;[35mLooking for element: By.cssSelector: i.fa-spinner&amp#27;[0m
&amp#27;[35mLooking for element: By.cssSelector: i.fa-spinner&amp#27;[0m
&amp#27;[35mLooking for element: By.cssSelector: i.fa-spinner&amp#27;[0m
&amp#27;[35mLooking for element: By.cssSelector: i.fa-spinner&amp#27;[0m
&amp#27;[35mLooking for element: By.cssSelector: i.fa-spinner&amp#27;[0m
&amp#27;[35mLooking for element: By.cssSelector: i.fa-spinner&amp#27;[0m
&amp#27;[35mLooking for element: By.cssSelector: i.fa-spinner&amp#27;[0m
&amp#27;[35mLooking for element: By.cssSelector: i.fa-spinner&amp#27;[0m
&amp#27;[35mLooking for element: By.cssSelector: i.fa-spinner&amp#27;[0m
&amp#27;[35mLooking for element: By.cssSelector: i.fa-spinner&amp#27;[0m
&amp#27;[35mLooking for element: By.cssSelector: i.fa-spinner&amp#27;[0m
&amp#27;[35mLooking for element: By.cssSelector: i.fa-spinner&amp#27;[0m
&amp#27;[35mLooking for element: By.cssSelector: i.fa-spinner&amp#27;[0m
&amp#27;[35mLooking for element: By.cssSelector: i.fa-spinner&amp#27;[0m
&amp#27;[35mLooking for element: By.cssSelector: i.fa-spinner&amp#27;[0m
&amp#27;[35mLooking for element: By.cssSelector: i.fa-spinner&amp#27;[0m
&amp#27;[35mLooking for element: By.cssSelector: i.fa-spinner&amp#27;[0m
&amp#27;[35mLooking for element: By.cssSelector: i.fa-spinner&amp#27;[0m
&amp#27;[35mLooking for element: By.cssSelector: i.fa-spinner&amp#27;[0m
&amp#27;[35mLooking for element: By.cssSelector: i.fa-spinner&amp#27;[0m
&amp#27;[35mLooking for element: By.cssSelector: i.fa-spinner&amp#27;[0m
&amp#27;[35mLooking for element: By.cssSelector: i.fa-spinner&amp#27;[0m
&amp#27;[35mLooking for element: By.cssSelector: i.fa-spinner&amp#27;[0m
&amp#27;[35mLooking for element: By.cssSelector: i.fa-spinner&amp#27;[0m
&amp#27;[35mLooking for element: By.cssSelector: i.fa-spinner&amp#27;[0m
&amp#27;[35mLooking for element: By.cssSelector: i.fa-spinner&amp#27;[0m
&amp#27;[35mLooking for element: By.cssSelector: i.fa-spinner&amp#27;[0m
&amp#27;[35mLooking for element: By.cssSelector: i.fa-spinner&amp#27;[0m
&amp#27;[35mLooking for element: By.cssSelector: i.fa-spinner&amp#27;[0m
&amp#27;[35mLooking for element: By.cssSelector: i.fa-spinner&amp#27;[0m
&amp#27;[35mLooking for element: By.cssSelector: i.fa-spinner&amp#27;[0m
&amp#27;[35mLooking for element: By.cssSelector: i.fa-spinner&amp#27;[0m
&amp#27;[35mLooking for element: By.cssSelector: i.fa-spinner&amp#27;[0m
&amp#27;[35mLooking for element: By.cssSelector: i.fa-spinner&amp#27;[0m
&amp#27;[35mLooking for element: By.cssSelector: i.fa-spinner&amp#27;[0m
&amp#27;[35mLooking for element: By.cssSelector: i.fa-spinner&amp#27;[0m
&amp#27;[35mLooking for element: By.cssSelector: i.fa-spinner&amp#27;[0m
&amp#27;[35mLooking for element: By.cssSelector: i.fa-spinner&amp#27;[0m
&amp#27;[35mLooking for element: By.cssSelector: i.fa-spinner&amp#27;[0m
&amp#27;[35mLooking for element: By.cssSelector: i.fa-spinner&amp#27;[0m
&amp#27;[35mLooking for element: By.cssSelector: i.fa-spinner&amp#27;[0m
&amp#27;[35mLooking for element: By.cssSelector: i.fa-spinner&amp#27;[0m
&amp#27;[35mLooking for element: By.cssSelector: i.fa-spinner&amp#27;[0m
&amp#27;[35mLooking for element: By.cssSelector: i.fa-spinner&amp#27;[0m
&amp#27;[35mLooking for element: By.cssSelector: i.fa-spinner&amp#27;[0m
&amp#27;[35mLooking for element: By.cssSelector: i.fa-spinner&amp#27;[0m
&amp#27;[35mLooking for element: By.cssSelector: i.fa-spinner&amp#27;[0m
&amp#27;[35mLooking for element: By.cssSelector: i.fa-spinner&amp#27;[0m
&amp#27;[35mLooking for element: By.cssSelector: i.fa-spinner&amp#27;[0m
&amp#27;[35mLooking for element: By.cssSelector: i.fa-spinner&amp#27;[0m
&amp#27;[35mLooking for element: By.cssSelector: i.fa-spinner&amp#27;[0m
&amp#27;[35mLooking for element: By.cssSelector: i.fa-spinner&amp#27;[0m
&amp#27;[35mLooking for element: By.cssSelector: i.fa-spinner&amp#27;[0m
&amp#27;[35mLooking for element: By.cssSelector: i.fa-spinner&amp#27;[0m
&amp#27;[35mLooking for element: By.cssSelector: i.fa-spinner&amp#27;[0m
&amp#27;[35mLooking for element: By.cssSelector: i.fa-spinner&amp#27;[0m
&amp#27;[35mLooking for element: By.cssSelector: i.fa-spinner&amp#27;[0m
&amp#27;[35mLooking for element: By.cssSelector: i.fa-spinner&amp#27;[0m
&amp#27;[35mLooking for element: By.cssSelector: i.fa-spinner&amp#27;[0m
&amp#27;[35mLooking for element: By.cssSelector: i.fa-spinner&amp#27;[0m
&amp#27;[35mLooking for element: By.cssSelector: i.fa-spinner&amp#27;[0m
&amp#27;[35mLooking for element: By.cssSelector: i.fa-spinner&amp#27;[0m
&amp#27;[35mLooking for element: By.cssSelector: i.fa-spinner&amp#27;[0m
&amp#27;[35mLooking for element: By.cssSelector: i.fa-spinner&amp#27;[0m
  When go to case system settings page # com.bst.stepDefinitions.home.HomePageSteps.goToSystemSettingsPage()
      org.openqa.selenium.TimeoutException: Expected condition failed: waiting for element to no longer be visible: By.cssSelector: i.fa-spinner (tried for 100 second(s) with 200 milliseconds interval)
	at org.openqa.selenium.support.ui.WebDriverWait.timeoutException(WebDriverWait.java:95)
	at org.openqa.selenium.support.ui.FluentWait.until(FluentWait.java:272)
	at com.bst.wait.ExplicitWait.waitFor(ExplicitWait.java:205)
	at com.bst.wait.ExplicitWait.waitForInvisibilityOfElement(ExplicitWait.java:148)
	at com.bst.wait.ExplicitWait.forPage(ExplicitWait.java:158)
	at com.bst.wait.ExplicitWait.forPage(ExplicitWait.java:152)
	at com.bst.wait.ExplicitWait.waitForElementToBeVisible(ExplicitWait.java:85)
	at com.bst.wait.ExplicitWait.waitForElementToBeVisible(ExplicitWait.java:70)
	at com.bst.stepDefinitions.home.HomePageSteps.goToSystemSettingsPage(HomePageSteps.java:18)
	at âœ½.go to case system settings page(file:///C:/Users/Admin/Downloads/demo-automation/ui_AutomationBlack/src/test/java/com/bst/features/test.feature:6)
Caused by: org.openqa.selenium.NoSuchWindowException: no such window: target window already closed
from unknown error: web view not found
  (Session info: chrome=120.0.6099.217)
Build info: version: '3.141.59', revision: 'e82be7d358', time: '2018-11-14T08:17:03'
System info: host: 'NEW8', ip: '192.168.1.14', os.name: 'Windows 10', os.arch: 'amd64', os.version: '10.0', java.version: '1.8.0_202'
Driver info: org.openqa.selenium.chrome.ChromeDriver
Capabilities {acceptInsecureCerts: false, browserName: chrome, browserVersion: 120.0.6099.217, chrome: {chromedriverVersion: 120.0.6099.109 (3419140ab66..., userDataDir: C:\Users\Admin\AppData\Loca...}, fedcm:accounts: true, goog:chromeOptions: {debuggerAddress: localhost:53387}, javascriptEnabled: true, networkConnectionEnabled: false, pageLoadStrategy: normal, platform: WINDOWS, platformName: WINDOWS, proxy: Proxy(), setWindowRect: true, strictFileInteractability: false, timeouts: {implicit: 0, pageLoad: 300000, script: 30000}, unhandledPromptBehavior: dismiss and notify, webauthn:extension:credBlob: true, webauthn:extension:largeBlob: true, webauthn:extension:minPinLength: true, webauthn:extension:prf: true, webauthn:virtualAuthenticators: true}
Session ID: 3142cb4c704877aebb34aa8a571e88e0
*** Element info: {Using=css selector, value=i.fa-spinner}
	at sun.reflect.GeneratedConstructorAccessor20.newInstance(Unknown Source)
	at sun.reflect.DelegatingConstructorAccessorImpl.newInstance(DelegatingConstructorAccessorImpl.java:45)
	at java.lang.reflect.Constructor.newInstance(Constructor.java:423)
	at org.openqa.selenium.remote.http.W3CHttpResponseCodec.createException(W3CHttpResponseCodec.java:187)
	at org.openqa.selenium.remote.http.W3CHttpResponseCodec.decode(W3CHttpResponseCodec.java:122)
	at org.openqa.selenium.remote.http.W3CHttpResponseCodec.decode(W3CHttpResponseCodec.java:49)
	at org.openqa.selenium.remote.HttpCommandExecutor.execute(HttpCommandExecutor.java:158)
	at org.openqa.selenium.remote.service.DriverCommandExecutor.execute(DriverCommandExecutor.java:83)
	at org.openqa.selenium.remote.RemoteWebDriver.execute(RemoteWebDriver.java:552)
	at org.openqa.selenium.remote.RemoteWebDriver.findElement(RemoteWebDriver.java:323)
	at org.openqa.selenium.remote.RemoteWebDriver.findElementByCssSelector(RemoteWebDriver.java:420)
	at org.openqa.selenium.By$ByCssSelector.findElement(By.java:431)
	at org.openqa.selenium.remote.RemoteWebDriver.findElement(RemoteWebDriver.java:315)
	at sun.reflect.GeneratedMethodAccessor24.invoke(Unknown Source)
	at sun.reflect.DelegatingMethodAccessorImpl.invoke(DelegatingMethodAccessorImpl.java:43)
	at java.lang.reflect.Method.invoke(Method.java:498)
	at org.openqa.selenium.support.events.EventFiringWebDriver.lambda$new$1(EventFiringWebDriver.java:105)
	at com.sun.proxy.$Proxy60.findElement(Unknown Source)
	at org.openqa.selenium.support.events.EventFiringWebDriver.findElement(EventFiringWebDriver.java:194)
	at org.openqa.selenium.support.ui.ExpectedConditions$20.apply(ExpectedConditions.java:577)
	at org.openqa.selenium.support.ui.ExpectedConditions$20.apply(ExpectedConditions.java:573)
	at org.openqa.selenium.support.ui.FluentWait.until(FluentWait.java:249)
	at com.bst.wait.ExplicitWait.waitFor(ExplicitWait.java:205)
	at com.bst.wait.ExplicitWait.waitForInvisibilityOfElement(ExplicitWait.java:148)
	at com.bst.wait.ExplicitWait.forPage(ExplicitWait.java:158)
	at com.bst.wait.ExplicitWait.forPage(ExplicitWait.java:152)
	at com.bst.wait.ExplicitWait.waitForElementToBeVisible(ExplicitWait.java:85)
	at com.bst.wait.ExplicitWait.waitForElementToBeVisible(ExplicitWait.java:70)
	at com.bst.stepDefinitions.home.HomePageSteps.goToSystemSettingsPage(HomePageSteps.java:18)
	at sun.reflect.NativeMethodAccessorImpl.invoke0(Native Method)
	at sun.reflect.NativeMethodAccessorImpl.invoke(NativeMethodAccessorImpl.java:62)
	at sun.reflect.DelegatingMethodAccessorImpl.invoke(DelegatingMethodAccessorImpl.java:43)
	at java.lang.reflect.Method.invoke(Method.java:498)
	at io.cucumber.java.Invoker.doInvoke(Invoker.java:66)
	at io.cucumber.java.Invoker.invoke(Invoker.java:24)
	at io.cucumber.java.AbstractGlueDefinition.invokeMethod(AbstractGlueDefinition.java:47)
	at io.cucumber.java.JavaStepDefinition.execute(JavaStepDefinition.java:29)
	at io.cucumber.core.runner.CoreStepDefinition.execute(CoreStepDefinition.java:66)
	at io.cucumber.core.runner.PickleStepDefinitionMatch.runStep(PickleStepDefinitionMatch.java:63)
	at io.cucumber.core.runner.ExecutionMode$1.execute(ExecutionMode.java:10)
	at io.cucumber.core.runner.TestStep.executeStep(TestStep.java:92)
	at io.cucumber.core.runner.TestStep.run(TestStep.java:64)
	at io.cucumber.core.runner.PickleStepTestStep.run(PickleStepTestStep.java:51)
	at io.cucumber.core.runner.TestCase.run(TestCase.java:104)
	at io.cucumber.core.runner.Runner.runPickle(Runner.java:71)
	at io.cucumber.testng.TestNGCucumberRunner.lambda$runScenario$0(TestNGCucumberRunner.java:116)
	at io.cucumber.core.runtime.CucumberExecutionContext.runTestCase(CucumberExecutionContext.java:117)
	at io.cucumber.testng.TestNGCucumberRunner.runScenario(TestNGCucumberRunner.java:113)
	at io.cucumber.testng.AbstractTestNGCucumberTests.runScenario(AbstractTestNGCucumberTests.java:31)
	at sun.reflect.NativeMethodAccessorImpl.invoke0(Native Method)
	at sun.reflect.NativeMethodAccessorImpl.invoke(NativeMethodAccessorImpl.java:62)
	at sun.reflect.DelegatingMethodAccessorImpl.invoke(DelegatingMethodAccessorImpl.java:43)
	at java.lang.reflect.Method.invoke(Method.java:498)
	at org.testng.internal.MethodInvocationHelper.invokeMethod(MethodInvocationHelper.java:132)
	at org.testng.internal.TestInvoker.invokeMethod(TestInvoker.java:599)
	at org.testng.internal.TestInvoker.invokeTestMethod(TestInvoker.java:174)
	at org.testng.internal.TestMethodWithDataProviderMethodWorker.call(TestMethodWithDataProviderMethodWorker.java:77)
	at org.testng.internal.TestMethodWithDataProviderMethodWorker.call(TestMethodWithDataProviderMethodWorker.java:15)
	at java.util.concurrent.FutureTask.run(FutureTask.java:266)
	at java.util.concurrent.Executors$RunnableAdapter.call(Executors.java:511)
	at java.util.concurrent.FutureTask.run(FutureTask.java:266)
	at java.util.concurrent.ThreadPoolExecutor.runWorker(ThreadPoolExecutor.java:1149)
	at java.util.concurrent.ThreadPoolExecutor$Worker.run(ThreadPoolExecutor.java:624)
	at java.lang.Thread.run(Thread.java:748)

 ❌ &amp#27;[1;31m[Scenario failed]: test as a Admin user&amp#27;[0m
      org.openqa.selenium.NoSuchWindowException: no such window: target window already closed
from unknown error: web view not found
  (Session info: chrome=120.0.6099.217)
Build info: version: '3.141.59', revision: 'e82be7d358', time: '2018-11-14T08:17:03'
System info: host: 'NEW8', ip: '192.168.1.14', os.name: 'Windows 10', os.arch: 'amd64', os.version: '10.0', java.version: '1.8.0_202'
Driver info: org.openqa.selenium.chrome.ChromeDriver
Capabilities {acceptInsecureCerts: false, browserName: chrome, browserVersion: 120.0.6099.217, chrome: {chromedriverVersion: 120.0.6099.109 (3419140ab66..., userDataDir: C:\Users\Admin\AppData\Loca...}, fedcm:accounts: true, goog:chromeOptions: {debuggerAddress: localhost:53387}, javascriptEnabled: true, networkConnectionEnabled: false, pageLoadStrategy: normal, platform: WINDOWS, platformName: WINDOWS, proxy: Proxy(), setWindowRect: true, strictFileInteractability: false, timeouts: {implicit: 0, pageLoad: 300000, script: 30000}, unhandledPromptBehavior: dismiss and notify, webauthn:extension:credBlob: true, webauthn:extension:largeBlob: true, webauthn:extension:minPinLength: true, webauthn:extension:prf: true, webauthn:virtualAuthenticators: true}
Session ID: 3142cb4c704877aebb34aa8a571e88e0
	at sun.reflect.GeneratedConstructorAccessor20.newInstance(Unknown Source)
	at sun.reflect.DelegatingConstructorAccessorImpl.newInstance(DelegatingConstructorAccessorImpl.java:45)
	at java.lang.reflect.Constructor.newInstance(Constructor.java:423)
	at org.openqa.selenium.remote.http.W3CHttpResponseCodec.createException(W3CHttpResponseCodec.java:187)
	at org.openqa.selenium.remote.http.W3CHttpResponseCodec.decode(W3CHttpResponseCodec.java:122)
	at org.openqa.selenium.remote.http.W3CHttpResponseCodec.decode(W3CHttpResponseCodec.java:49)
	at org.openqa.selenium.remote.HttpCommandExecutor.execute(HttpCommandExecutor.java:158)
	at org.openqa.selenium.remote.service.DriverCommandExecutor.execute(DriverCommandExecutor.java:83)
	at org.openqa.selenium.remote.RemoteWebDriver.execute(RemoteWebDriver.java:552)
	at org.openqa.selenium.remote.RemoteWebDriver.execute(RemoteWebDriver.java:609)
	at org.openqa.selenium.remote.RemoteWebDriver.getScreenshotAs(RemoteWebDriver.java:295)
	at sun.reflect.NativeMethodAccessorImpl.invoke0(Native Method)
	at sun.reflect.NativeMethodAccessorImpl.invoke(NativeMethodAccessorImpl.java:62)
	at sun.reflect.DelegatingMethodAccessorImpl.invoke(DelegatingMethodAccessorImpl.java:43)
	at java.lang.reflect.Method.invoke(Method.java:498)
	at org.openqa.selenium.support.events.EventFiringWebDriver.lambda$new$1(EventFiringWebDriver.java:105)
	at com.sun.proxy.$Proxy60.getScreenshotAs(Unknown Source)
	at org.openqa.selenium.support.events.EventFiringWebDriver.getScreenshotAs(EventFiringWebDriver.java:302)
	at com.bst.cucumber.CucumberTest.afterScenario(CucumberTest.java:89)

]]></system-out>
    <system-err><![CDATA[SLF4J: Class path contains multiple SLF4J bindings.
SLF4J: Found binding in [jar:file:/C:/Users/Admin/.m2/repository/ch/qos/logback/logback-classic/1.2.3/logback-classic-1.2.3.jar!/org/slf4j/impl/StaticLoggerBinder.class]
SLF4J: Found binding in [jar:file:/C:/Users/Admin/.m2/repository/org/apache/logging/log4j/log4j-slf4j-impl/2.13.3/log4j-slf4j-impl-2.13.3.jar!/org/slf4j/impl/StaticLoggerBinder.class]
SLF4J: Found binding in [jar:file:/C:/Users/Admin/.m2/repository/org/slf4j/slf4j-simple/1.7.30/slf4j-simple-1.7.30.jar!/org/slf4j/impl/StaticLoggerBinder.class]
SLF4J: See http://www.slf4j.org/codes.html#multiple_bindings for an explanation.
SLF4J: Actual binding is of type [ch.qos.logback.classic.util.ContextSelectorStaticBinder]
Starting ChromeDriver 120.0.6099.109 (3419140ab665596f21b385ce136419fde0924272-refs/branch-heads/6099@{#1483}) on port 5034
Only local connections are allowed.
Please see https://chromedriver.chromium.org/security-considerations for suggestions on keeping ChromeDriver safe.
ChromeDriver was started successfully.
]]></system-err>
  </testcase>
</testsuite>