<?xml version="1.0" encoding="UTF-8"?>
<!-- Generated by org.testng.reporters.JUnitReportReporter -->
<testsuite hostname="New8" failures="0" tests="1" name="com.bst.cucumber.CucumberTest" time="12.049" errors="0" timestamp="2024-01-11T15:05:34 IST" skipped="0">
  <testcase classname="com.bst.cucumber.CucumberTest" name="runScenario" time="12.049"/>
  <system-out/>
</testsuite> <!-- com.bst.cucumber.CucumberTest -->
