<?xml version="1.0" encoding="UTF-8"?>
<!-- Generated by org.testng.reporters.JUnitReportReporter -->
<testsuite skipped="0" hostname="New8" name="com.bst.cucumber.CucumberTest" tests="1" failures="0" timestamp="2024-01-11T15:28:34 IST" time="13.150" errors="0">
  <testcase name="runScenario" time="13.150" classname="com.bst.cucumber.CucumberTest"/>
  <system-out/>
</testsuite> <!-- com.bst.cucumber.CucumberTest -->
